sample.interval=20000
".External2" "model.matrix.default" "model.matrix" "glm" "summary" "FUN" "lapply" "sapply" "replicate" "system.time" 
"%in%" "[[.data.frame" "[[" "na.omit.data.frame" "na.omit" ".External2" "model.frame.default" "<Anonymous>" "eval" "eval" "glm" "summary" "FUN" "lapply" "sapply" "replicate" "system.time" 
"deparse" "paste" "FUN" "lapply" "sapply" "model.frame.default" "<Anonymous>" "eval" "eval" "glm" "summary" "FUN" "lapply" "sapply" "replicate" "system.time" 
"glm.fit" "eval" "eval" "glm" "summary" "FUN" "lapply" "sapply" "replicate" "system.time" 
"glm.fit" "eval" "eval" "glm" "summary" "FUN" "lapply" "sapply" "replicate" "system.time" 
"exists" "getInternalExportName" "getExportedValue" "::" "eval" "eval" "glm" "summary" "FUN" "lapply" "sapply" "replicate" "system.time" 
"deparse" "mode" "match" "%in%" "deparse" "paste" "FUN" "lapply" "sapply" "model.frame.default" "<Anonymous>" "eval" "eval" "glm" "summary" "FUN" "lapply" "sapply" "replicate" "system.time" 
"unique.default" "unique" "simplify2array" "sapply" "model.frame.default" "<Anonymous>" "eval" "eval" "glm" "summary" "FUN" "lapply" "sapply" "replicate" "system.time" 
"is.atomic" "ifelse" "dev.resids" "glm.fit" "eval" "eval" "glm" "summary" "FUN" "lapply" "sapply" "replicate" "system.time" 
"mu.eta" "glm.fit" "eval" "eval" "glm" "summary" "FUN" "lapply" "sapply" "replicate" "system.time" 
"FUN" "lapply" "sapply" "replicate" "system.time" 
"as.name" "getNamespace" "asNamespace" "getExportedValue" "::" "eval" "eval" "glm" "summary" "FUN" "lapply" "sapply" "replicate" "system.time" 
"is.na" ".deparseOpts" "deparse" "mode" "match" "%in%" "deparse" "paste" "FUN" "lapply" "sapply" "model.frame.default" "<Anonymous>" "eval" "eval" "glm" "summary" "FUN" "lapply" "sapply" "replicate" "system.time" 
"ifelse" "dev.resids" "glm.fit" "eval" "eval" "glm" "summary" "FUN" "lapply" "sapply" "replicate" "system.time" 
"ifelse" "dev.resids" "glm.fit" "eval" "eval" "glm" "summary" "FUN" "lapply" "sapply" "replicate" "system.time" 
"mode" "match" "%in%" "deparse" "paste" "force" "as.data.frame.numeric" "as.data.frame" "data.frame" "FUN" "lapply" "sapply" "replicate" "system.time" 
"deparse" "mode" "match" "%in%" "deparse" "paste" "force" "as.data.frame.numeric" "as.data.frame" "data.frame" "FUN" "lapply" "sapply" "replicate" "system.time" 
"[" "summary.glm" "summary" "FUN" "lapply" "sapply" "replicate" "system.time" 
"deparse" "mode" "match" "%in%" "deparse" "paste" "force" "as.data.frame.numeric" "as.data.frame" "data.frame" "FUN" "lapply" "sapply" "replicate" "system.time" 
"length" "length" "data.frame" "FUN" "lapply" "sapply" "replicate" "system.time" 
".deparseOpts" "deparse" "mode" "match" "%in%" "deparse" "paste" "FUN" "lapply" "sapply" "model.frame.default" "<Anonymous>" "eval" "eval" "glm" "summary" "FUN" "lapply" "sapply" "replicate" "system.time" 
"$" "glm.fit" "eval" "eval" "glm" "summary" "FUN" "lapply" "sapply" "replicate" "system.time" 
"names" "names" "match" "model.matrix.default" "model.matrix" "glm" "summary" "FUN" "lapply" "sapply" "replicate" "system.time" 
"ifelse" "dev.resids" "glm.fit" "eval" "eval" "glm" "summary" "FUN" "lapply" "sapply" "replicate" "system.time" 
"$" "glm.fit" "eval" "eval" "glm" "summary" "FUN" "lapply" "sapply" "replicate" "system.time" 
