GC profiling: line profiling: sample.interval=20000
#File 1: lmfit.R
"rnorm" 1#1 "eval" "eval" "withVisible" "source" 
"rnorm" 1#1 "eval" "eval" "withVisible" "source" 
"rnorm" 1#1 "eval" "eval" "withVisible" "source" 
"rnorm" 1#1 "eval" "eval" "withVisible" "source" 
"rnorm" 1#1 "eval" "eval" "withVisible" "source" 
"rnorm" 1#1 "eval" "eval" "withVisible" "source" 
"rnorm" 1#1 "eval" "eval" "withVisible" "source" 
"rnorm" 1#1 "eval" "eval" "withVisible" "source" 
"rnorm" 1#1 "eval" "eval" "withVisible" "source" 
"rnorm" 1#1 "eval" "eval" "withVisible" "source" 
"rnorm" 1#1 "eval" "eval" "withVisible" "source" 
"rnorm" 1#1 "eval" "eval" "withVisible" "source" 
"rnorm" 1#1 "eval" "eval" "withVisible" "source" 
"rnorm" 1#1 "eval" "eval" "withVisible" "source" 
"rnorm" 1#1 "eval" "eval" "withVisible" "source" 
"rnorm" 1#1 "eval" "eval" "withVisible" "source" 
"rnorm" 1#1 "eval" "eval" "withVisible" "source" 
"rnorm" 1#1 "eval" "eval" "withVisible" "source" 
"rnorm" 1#1 "eval" "eval" "withVisible" "source" 
"rnorm" 1#1 "eval" "eval" "withVisible" "source" 
"rnorm" 1#1 "eval" "eval" "withVisible" "source" 
"rnorm" 1#1 "eval" "eval" "withVisible" "source" 
"rnorm" 1#1 "eval" "eval" "withVisible" "source" 
"rnorm" 1#1 "eval" "eval" "withVisible" "source" 
"rnorm" 1#1 "eval" "eval" "withVisible" "source" 
"rnorm" 1#1 "eval" "eval" "withVisible" "source" 
"rnorm" 1#1 "eval" "eval" "withVisible" "source" 
"rnorm" 1#1 "eval" "eval" "withVisible" "source" 
"rnorm" 1#1 "eval" "eval" "withVisible" "source" 
"rnorm" 1#1 "eval" "eval" "withVisible" "source" 
"rnorm" 1#1 "eval" "eval" "withVisible" "source" 
"rnorm" 1#1 "eval" "eval" "withVisible" "source" 
"rnorm" 1#1 "eval" "eval" "withVisible" "source" 
"rnorm" 1#1 "eval" "eval" "withVisible" "source" 
"rnorm" 1#1 "eval" "eval" "withVisible" "source" 
"rnorm" 1#1 "eval" "eval" "withVisible" "source" 
"rnorm" 1#1 "eval" "eval" "withVisible" "source" 
"rnorm" 1#1 "eval" "eval" "withVisible" "source" 
"rnorm" 1#1 "eval" "eval" "withVisible" "source" 
"rnorm" 1#1 "eval" "eval" "withVisible" "source" 
"rnorm" 1#1 "eval" "eval" "withVisible" "source" 
"rnorm" 1#1 "eval" "eval" "withVisible" "source" 
"rnorm" 1#1 "eval" "eval" "withVisible" "source" 
"rnorm" 1#1 "eval" "eval" "withVisible" "source" 
"rnorm" 1#1 "eval" "eval" "withVisible" "source" 
"rnorm" 1#1 "eval" "eval" "withVisible" "source" 
"rnorm" 1#1 "eval" "eval" "withVisible" "source" 
"rnorm" 1#1 "eval" "eval" "withVisible" "source" 
"rnorm" 1#1 "eval" "eval" "withVisible" "source" 
"rnorm" 1#1 "eval" "eval" "withVisible" "source" 
"rnorm" 1#1 "eval" "eval" "withVisible" "source" 
"rnorm" 1#1 "eval" "eval" "withVisible" "source" 
"rnorm" 1#1 "eval" "eval" "withVisible" "source" 
"rnorm" 1#1 "eval" "eval" "withVisible" "source" 
"rnorm" 1#1 "eval" "eval" "withVisible" "source" 
"rnorm" 1#1 "eval" "eval" "withVisible" "source" 
"rnorm" 1#1 "eval" "eval" "withVisible" "source" 
"rnorm" 1#1 "eval" "eval" "withVisible" "source" 
"rnorm" 1#1 "eval" "eval" "withVisible" "source" 
"rnorm" 1#1 "eval" "eval" "withVisible" "source" 
"rnorm" 1#1 "eval" "eval" "withVisible" "source" 
"rnorm" 1#1 "eval" "eval" "withVisible" "source" 
"rnorm" 1#1 "eval" "eval" "withVisible" "source" 
"rnorm" 1#1 "eval" "eval" "withVisible" "source" 
"rnorm" 1#1 "eval" "eval" "withVisible" "source" 
"rnorm" 1#1 "eval" "eval" "withVisible" "source" 
"rnorm" 1#1 "eval" "eval" "withVisible" "source" 
"rnorm" 1#1 "eval" "eval" "withVisible" "source" 
"rnorm" 1#1 "eval" "eval" "withVisible" "source" 
"rnorm" 1#1 "eval" "eval" "withVisible" "source" 
"rnorm" 1#1 "eval" "eval" "withVisible" "source" 
"rnorm" 1#1 "eval" "eval" "withVisible" "source" 
"rnorm" 1#1 "eval" "eval" "withVisible" "source" 
"rnorm" 1#1 "eval" "eval" "withVisible" "source" 
"rnorm" 1#1 "eval" "eval" "withVisible" "source" 
"rnorm" 1#1 "eval" "eval" "withVisible" "source" 
"rnorm" 1#1 "eval" "eval" "withVisible" "source" 
"rnorm" 1#1 "eval" "eval" "withVisible" "source" 
"rnorm" 1#1 "eval" "eval" "withVisible" "source" 
"rnorm" 1#1 "eval" "eval" "withVisible" "source" 
"rnorm" 1#1 "eval" "eval" "withVisible" "source" 
"rnorm" 1#1 "eval" "eval" "withVisible" "source" 
"rnorm" 1#1 "eval" "eval" "withVisible" "source" 
"rnorm" 1#1 "eval" "eval" "withVisible" "source" 
"rnorm" 1#1 "eval" "eval" "withVisible" "source" 
"rnorm" 1#1 "eval" "eval" "withVisible" "source" 
"rnorm" 1#1 "eval" "eval" "withVisible" "source" 
"rnorm" 1#1 "eval" "eval" "withVisible" "source" 
"rnorm" 1#1 "eval" "eval" "withVisible" "source" 
"rnorm" 1#1 "eval" "eval" "withVisible" "source" 
"rnorm" 1#1 "eval" "eval" "withVisible" "source" 
"rnorm" 1#1 "eval" "eval" "withVisible" "source" 
"<GC>" "cbind" 1#3 "eval" "eval" "withVisible" "source" 
"cbind" 1#3 "eval" "eval" "withVisible" "source" 
"cbind" 1#3 "eval" "eval" "withVisible" "source" 
"cbind" 1#3 "eval" "eval" "withVisible" "source" 
"cbind" 1#3 "eval" "eval" "withVisible" "source" 
"cbind" 1#3 "eval" "eval" "withVisible" "source" 
"cbind" 1#3 "eval" "eval" "withVisible" "source" 
"cbind" 1#3 "eval" "eval" "withVisible" "source" 
"cbind" 1#3 "eval" "eval" "withVisible" "source" 
"cbind" 1#3 "eval" "eval" "withVisible" "source" 
"cbind" 1#3 "eval" "eval" "withVisible" "source" 
"<GC>" "gc" "system.time" 1#4 "eval" "eval" "withVisible" "source" 
"<GC>" "gc" "system.time" 1#4 "eval" "eval" "withVisible" "source" 
#File 2: lmsrc.R
2#30 ".Call" 2#30 "lm.fit" "system.time" 1#4 "eval" "eval" "withVisible" "source" 
2#30 ".Call" 2#30 "lm.fit" "system.time" 1#4 "eval" "eval" "withVisible" "source" 
2#30 ".Call" 2#30 "lm.fit" "system.time" 1#4 "eval" "eval" "withVisible" "source" 
2#30 ".Call" 2#30 "lm.fit" "system.time" 1#4 "eval" "eval" "withVisible" "source" 
2#30 ".Call" 2#30 "lm.fit" "system.time" 1#4 "eval" "eval" "withVisible" "source" 
2#30 ".Call" 2#30 "lm.fit" "system.time" 1#4 "eval" "eval" "withVisible" "source" 
2#30 ".Call" 2#30 "lm.fit" "system.time" 1#4 "eval" "eval" "withVisible" "source" 
2#30 ".Call" 2#30 "lm.fit" "system.time" 1#4 "eval" "eval" "withVisible" "source" 
2#30 ".Call" 2#30 "lm.fit" "system.time" 1#4 "eval" "eval" "withVisible" "source" 
2#30 ".Call" 2#30 "lm.fit" "system.time" 1#4 "eval" "eval" "withVisible" "source" 
2#30 ".Call" 2#30 "lm.fit" "system.time" 1#4 "eval" "eval" "withVisible" "source" 
2#30 ".Call" 2#30 "lm.fit" "system.time" 1#4 "eval" "eval" "withVisible" "source" 
2#30 ".Call" 2#30 "lm.fit" "system.time" 1#4 "eval" "eval" "withVisible" "source" 
2#30 ".Call" 2#30 "lm.fit" "system.time" 1#4 "eval" "eval" "withVisible" "source" 
2#30 ".Call" 2#30 "lm.fit" "system.time" 1#4 "eval" "eval" "withVisible" "source" 
2#30 ".Call" 2#30 "lm.fit" "system.time" 1#4 "eval" "eval" "withVisible" "source" 
2#30 ".Call" 2#30 "lm.fit" "system.time" 1#4 "eval" "eval" "withVisible" "source" 
2#30 ".Call" 2#30 "lm.fit" "system.time" 1#4 "eval" "eval" "withVisible" "source" 
2#30 ".Call" 2#30 "lm.fit" "system.time" 1#4 "eval" "eval" "withVisible" "source" 
2#30 ".Call" 2#30 "lm.fit" "system.time" 1#4 "eval" "eval" "withVisible" "source" 
2#30 ".Call" 2#30 "lm.fit" "system.time" 1#4 "eval" "eval" "withVisible" "source" 
2#30 ".Call" 2#30 "lm.fit" "system.time" 1#4 "eval" "eval" "withVisible" "source" 
2#30 ".Call" 2#30 "lm.fit" "system.time" 1#4 "eval" "eval" "withVisible" "source" 
"<GC>" 2#30 ".Call" 2#30 "lm.fit" "system.time" 1#4 "eval" "eval" "withVisible" "source" 
2#30 ".Call" 2#30 "lm.fit" "system.time" 1#4 "eval" "eval" "withVisible" "source" 
2#30 ".Call" 2#30 "lm.fit" "system.time" 1#4 "eval" "eval" "withVisible" "source" 
2#30 ".Call" 2#30 "lm.fit" "system.time" 1#4 "eval" "eval" "withVisible" "source" 
"<GC>" 2#30 ".Call" 2#30 "lm.fit" "system.time" 1#4 "eval" "eval" "withVisible" "source" 
2#30 ".Call" 2#30 "lm.fit" "system.time" 1#4 "eval" "eval" "withVisible" "source" 
2#30 ".Call" 2#30 "lm.fit" "system.time" 1#4 "eval" "eval" "withVisible" "source" 
2#30 ".Call" 2#30 "lm.fit" "system.time" 1#4 "eval" "eval" "withVisible" "source" 
2#30 ".Call" 2#30 "lm.fit" "system.time" 1#4 "eval" "eval" "withVisible" "source" 
2#30 ".Call" 2#30 "lm.fit" "system.time" 1#4 "eval" "eval" "withVisible" "source" 
2#30 ".Call" 2#30 "lm.fit" "system.time" 1#4 "eval" "eval" "withVisible" "source" 
2#30 ".Call" 2#30 "lm.fit" "system.time" 1#4 "eval" "eval" "withVisible" "source" 
2#30 ".Call" 2#30 "lm.fit" "system.time" 1#4 "eval" "eval" "withVisible" "source" 
2#30 ".Call" 2#30 "lm.fit" "system.time" 1#4 "eval" "eval" "withVisible" "source" 
2#30 ".Call" 2#30 "lm.fit" "system.time" 1#4 "eval" "eval" "withVisible" "source" 
2#30 ".Call" 2#30 "lm.fit" "system.time" 1#4 "eval" "eval" "withVisible" "source" 
2#30 ".Call" 2#30 "lm.fit" "system.time" 1#4 "eval" "eval" "withVisible" "source" 
2#30 ".Call" 2#30 "lm.fit" "system.time" 1#4 "eval" "eval" "withVisible" "source" 
2#30 ".Call" 2#30 "lm.fit" "system.time" 1#4 "eval" "eval" "withVisible" "source" 
2#30 ".Call" 2#30 "lm.fit" "system.time" 1#4 "eval" "eval" "withVisible" "source" 
2#30 ".Call" 2#30 "lm.fit" "system.time" 1#4 "eval" "eval" "withVisible" "source" 
2#30 ".Call" 2#30 "lm.fit" "system.time" 1#4 "eval" "eval" "withVisible" "source" 
2#30 ".Call" 2#30 "lm.fit" "system.time" 1#4 "eval" "eval" "withVisible" "source" 
2#30 ".Call" 2#30 "lm.fit" "system.time" 1#4 "eval" "eval" "withVisible" "source" 
2#30 ".Call" 2#30 "lm.fit" "system.time" 1#4 "eval" "eval" "withVisible" "source" 
2#30 ".Call" 2#30 "lm.fit" "system.time" 1#4 "eval" "eval" "withVisible" "source" 
2#30 ".Call" 2#30 "lm.fit" "system.time" 1#4 "eval" "eval" "withVisible" "source" 
2#30 ".Call" 2#30 "lm.fit" "system.time" 1#4 "eval" "eval" "withVisible" "source" 
2#30 ".Call" 2#30 "lm.fit" "system.time" 1#4 "eval" "eval" "withVisible" "source" 
2#30 ".Call" 2#30 "lm.fit" "system.time" 1#4 "eval" "eval" "withVisible" "source" 
2#30 ".Call" 2#30 "lm.fit" "system.time" 1#4 "eval" "eval" "withVisible" "source" 
2#30 ".Call" 2#30 "lm.fit" "system.time" 1#4 "eval" "eval" "withVisible" "source" 
2#30 ".Call" 2#30 "lm.fit" "system.time" 1#4 "eval" "eval" "withVisible" "source" 
2#30 ".Call" 2#30 "lm.fit" "system.time" 1#4 "eval" "eval" "withVisible" "source" 
2#30 ".Call" 2#30 "lm.fit" "system.time" 1#4 "eval" "eval" "withVisible" "source" 
2#30 ".Call" 2#30 "lm.fit" "system.time" 1#4 "eval" "eval" "withVisible" "source" 
2#30 ".Call" 2#30 "lm.fit" "system.time" 1#4 "eval" "eval" "withVisible" "source" 
2#30 ".Call" 2#30 "lm.fit" "system.time" 1#4 "eval" "eval" "withVisible" "source" 
2#30 ".Call" 2#30 "lm.fit" "system.time" 1#4 "eval" "eval" "withVisible" "source" 
2#30 ".Call" 2#30 "lm.fit" "system.time" 1#4 "eval" "eval" "withVisible" "source" 
2#30 ".Call" 2#30 "lm.fit" "system.time" 1#4 "eval" "eval" "withVisible" "source" 
2#30 ".Call" 2#30 "lm.fit" "system.time" 1#4 "eval" "eval" "withVisible" "source" 
2#30 ".Call" 2#30 "lm.fit" "system.time" 1#4 "eval" "eval" "withVisible" "source" 
"<GC>" "rep.int" 2#39 "lm.fit" "system.time" 1#4 "eval" "eval" "withVisible" "source" 
"rep.int" 2#39 "lm.fit" "system.time" 1#4 "eval" "eval" "withVisible" "source" 
"rep.int" 2#39 "lm.fit" "system.time" 1#4 "eval" "eval" "withVisible" "source" 
"rep.int" 2#39 "lm.fit" "system.time" 1#4 "eval" "eval" "withVisible" "source" 
"rep.int" 2#39 "lm.fit" "system.time" 1#4 "eval" "eval" "withVisible" "source" 
"rep.int" 2#39 "lm.fit" "system.time" 1#4 "eval" "eval" "withVisible" "source" 
"rep.int" 2#39 "lm.fit" "system.time" 1#4 "eval" "eval" "withVisible" "source" 
"rep.int" 2#39 "lm.fit" "system.time" 1#4 "eval" "eval" "withVisible" "source" 
"<GC>" 2#39 "c" 2#39 "lm.fit" "system.time" 1#4 "eval" "eval" "withVisible" "source" 
"<GC>" 2#39 "c" 2#39 "lm.fit" "system.time" 1#4 "eval" "eval" "withVisible" "source" 
"<GC>" 2#39 "c" 2#39 "lm.fit" "system.time" 1#4 "eval" "eval" "withVisible" "source" 
"<GC>" 2#39 "c" 2#39 "lm.fit" "system.time" 1#4 "eval" "eval" "withVisible" "source" 
"<GC>" 2#39 "c" 2#39 "lm.fit" "system.time" 1#4 "eval" "eval" "withVisible" "source" 
2#39 "c" 2#39 "lm.fit" "system.time" 1#4 "eval" "eval" "withVisible" "source" 
2#39 "c" 2#39 "lm.fit" "system.time" 1#4 "eval" "eval" "withVisible" "source" 
2#39 "c" 2#39 "lm.fit" "system.time" 1#4 "eval" "eval" "withVisible" "source" 
2#39 "c" 2#39 "lm.fit" "system.time" 1#4 "eval" "eval" "withVisible" "source" 
2#39 "c" 2#39 "lm.fit" "system.time" 1#4 "eval" "eval" "withVisible" "source" 
2#39 "c" 2#39 "lm.fit" "system.time" 1#4 "eval" "eval" "withVisible" "source" 
2#39 "c" 2#39 "lm.fit" "system.time" 1#4 "eval" "eval" "withVisible" "source" 
2#39 "c" 2#39 "lm.fit" "system.time" 1#4 "eval" "eval" "withVisible" "source" 
"<GC>" 2#55 "names<-" 2#55 "lm.fit" "system.time" 1#4 "eval" "eval" "withVisible" "source" 
"<GC>" 2#55 "names<-" 2#55 "lm.fit" "system.time" 1#4 "eval" "eval" "withVisible" "source" 
"<GC>" 2#55 "names<-" 2#55 "lm.fit" "system.time" 1#4 "eval" "eval" "withVisible" "source" 
"<GC>" 2#55 "names<-" 2#55 "lm.fit" "system.time" 1#4 "eval" "eval" "withVisible" "source" 
"<GC>" 2#55 "names<-" 2#55 "lm.fit" "system.time" 1#4 "eval" "eval" "withVisible" "source" 
2#55 "names<-" 2#55 "lm.fit" "system.time" 1#4 "eval" "eval" "withVisible" "source" 
2#55 "names<-" 2#55 "lm.fit" "system.time" 1#4 "eval" "eval" "withVisible" "source" 
2#55 "names<-" 2#55 "lm.fit" "system.time" 1#4 "eval" "eval" "withVisible" "source" 
"<GC>" 2#58 "-" 2#58 "lm.fit" "system.time" 1#4 "eval" "eval" "withVisible" "source" 
"<GC>" 2#58 "-" 2#58 "lm.fit" "system.time" 1#4 "eval" "eval" "withVisible" "source" 
"<GC>" 2#58 "-" 2#58 "lm.fit" "system.time" 1#4 "eval" "eval" "withVisible" "source" 
"<GC>" 2#58 "-" 2#58 "lm.fit" "system.time" 1#4 "eval" "eval" "withVisible" "source" 
"<GC>" 2#58 "-" 2#58 "lm.fit" "system.time" 1#4 "eval" "eval" "withVisible" "source" 
"<GC>" 2#58 "-" 2#58 "lm.fit" "system.time" 1#4 "eval" "eval" "withVisible" "source" 
2#58 "-" 2#58 "lm.fit" "system.time" 1#4 "eval" "eval" "withVisible" "source" 
2#58 "-" 2#58 "lm.fit" "system.time" 1#4 "eval" "eval" "withVisible" "source" 
2#58 "-" 2#58 "lm.fit" "system.time" 1#4 "eval" "eval" "withVisible" "source" 
"<GC>" "structure" 2#64 "lm.fit" "system.time" 1#4 "eval" "eval" "withVisible" "source" 
"<GC>" "structure" 2#64 "lm.fit" "system.time" 1#4 "eval" "eval" "withVisible" "source" 
"<GC>" "structure" 2#64 "lm.fit" "system.time" 1#4 "eval" "eval" "withVisible" "source" 
"<GC>" "structure" 2#64 "lm.fit" "system.time" 1#4 "eval" "eval" "withVisible" "source" 
"structure" 2#64 "lm.fit" "system.time" 1#4 "eval" "eval" "withVisible" "source" 
"structure" 2#64 "lm.fit" "system.time" 1#4 "eval" "eval" "withVisible" "source" 
"structure" 2#64 "lm.fit" "system.time" 1#4 "eval" "eval" "withVisible" "source" 
"structure" 2#64 "lm.fit" "system.time" 1#4 "eval" "eval" "withVisible" "source" 
"structure" 2#64 "lm.fit" "system.time" 1#4 "eval" "eval" "withVisible" "source" 
"structure" 2#64 "lm.fit" "system.time" 1#4 "eval" "eval" "withVisible" "source" 
"<GC>" "structure" 2#64 "lm.fit" "system.time" 1#4 "eval" "eval" "withVisible" "source" 
"<GC>" "structure" 2#64 "lm.fit" "system.time" 1#4 "eval" "eval" "withVisible" "source" 
"<GC>" "structure" 2#64 "lm.fit" "system.time" 1#4 "eval" "eval" "withVisible" "source" 
"structure" 2#64 "lm.fit" "system.time" 1#4 "eval" "eval" "withVisible" "source" 
"structure" 2#64 "lm.fit" "system.time" 1#4 "eval" "eval" "withVisible" "source" 
"structure" 2#64 "lm.fit" "system.time" 1#4 "eval" "eval" "withVisible" "source" 
"structure" 2#64 "lm.fit" "system.time" 1#4 "eval" "eval" "withVisible" "source" 
"structure" 2#64 "lm.fit" "system.time" 1#4 "eval" "eval" "withVisible" "source" 
"structure" 2#64 "lm.fit" "system.time" 1#4 "eval" "eval" "withVisible" "source" 
"<GC>" 2#64 "list" 2#64 "lm.fit" "system.time" 1#4 "eval" "eval" "withVisible" "source" 
"<GC>" 2#64 "list" 2#64 "lm.fit" "system.time" 1#4 "eval" "eval" "withVisible" "source" 
"<GC>" 2#64 "list" 2#64 "lm.fit" "system.time" 1#4 "eval" "eval" "withVisible" "source" 
"<GC>" 2#64 "list" 2#64 "lm.fit" "system.time" 1#4 "eval" "eval" "withVisible" "source" 
"<GC>" 2#64 "list" 2#64 "lm.fit" "system.time" 1#4 "eval" "eval" "withVisible" "source" 
2#64 "list" 2#64 "lm.fit" "system.time" 1#4 "eval" "eval" "withVisible" "source" 
2#64 "list" 2#64 "lm.fit" "system.time" 1#4 "eval" "eval" "withVisible" "source" 
2#64 "list" 2#64 "lm.fit" "system.time" 1#4 "eval" "eval" "withVisible" "source" 
2#64 "list" 2#64 "lm.fit" "system.time" 1#4 "eval" "eval" "withVisible" "source" 
2#64 "list" 2#64 "lm.fit" "system.time" 1#4 "eval" "eval" "withVisible" "source" 
2#64 "list" 2#64 "lm.fit" "system.time" 1#4 "eval" "eval" "withVisible" "source" 
2#64 "list" 2#64 "lm.fit" "system.time" 1#4 "eval" "eval" "withVisible" "source" 
2#64 "list" 2#64 "lm.fit" "system.time" 1#4 "eval" "eval" "withVisible" "source" 
2#64 "list" 2#64 "lm.fit" "system.time" 1#4 "eval" "eval" "withVisible" "source" 
"<GC>" 2#64 "c" 2#64 "lm.fit" "system.time" 1#4 "eval" "eval" "withVisible" "source" 
"<GC>" 2#64 "c" 2#64 "lm.fit" "system.time" 1#4 "eval" "eval" "withVisible" "source" 
"<GC>" 2#64 "c" 2#64 "lm.fit" "system.time" 1#4 "eval" "eval" "withVisible" "source" 
"<GC>" 2#64 "c" 2#64 "lm.fit" "system.time" 1#4 "eval" "eval" "withVisible" "source" 
2#64 "c" 2#64 "lm.fit" "system.time" 1#4 "eval" "eval" "withVisible" "source" 
2#64 "c" 2#64 "lm.fit" "system.time" 1#4 "eval" "eval" "withVisible" "source" 
2#64 "c" 2#64 "lm.fit" "system.time" 1#4 "eval" "eval" "withVisible" "source" 
2#64 "c" 2#64 "lm.fit" "system.time" 1#4 "eval" "eval" "withVisible" "source" 
2#64 "c" 2#64 "lm.fit" "system.time" 1#4 "eval" "eval" "withVisible" "source" 
2#64 "c" 2#64 "lm.fit" "system.time" 1#4 "eval" "eval" "withVisible" "source" 
2#64 "c" 2#64 "lm.fit" "system.time" 1#4 "eval" "eval" "withVisible" "source" 
2#64 "c" 2#64 "lm.fit" "system.time" 1#4 "eval" "eval" "withVisible" "source" 
2#64 "c" 2#64 "lm.fit" "system.time" 1#4 "eval" "eval" "withVisible" "source" 
"<GC>" 2#64 "c" 2#64 "lm.fit" "system.time" 1#4 "eval" "eval" "withVisible" "source" 
"<GC>" 2#64 "c" 2#64 "lm.fit" "system.time" 1#4 "eval" "eval" "withVisible" "source" 
"<GC>" 2#64 "c" 2#64 "lm.fit" "system.time" 1#4 "eval" "eval" "withVisible" "source" 
"<GC>" 2#64 "c" 2#64 "lm.fit" "system.time" 1#4 "eval" "eval" "withVisible" "source" 
"<GC>" 2#64 "c" 2#64 "lm.fit" "system.time" 1#4 "eval" "eval" "withVisible" "source" 
"<GC>" 2#64 "c" 2#64 "lm.fit" "system.time" 1#4 "eval" "eval" "withVisible" "source" 
"<GC>" 2#64 "c" 2#64 "lm.fit" "system.time" 1#4 "eval" "eval" "withVisible" "source" 
2#64 "c" 2#64 "lm.fit" "system.time" 1#4 "eval" "eval" "withVisible" "source" 
2#64 "c" 2#64 "lm.fit" "system.time" 1#4 "eval" "eval" "withVisible" "source" 
2#64 "c" 2#64 "lm.fit" "system.time" 1#4 "eval" "eval" "withVisible" "source" 
"<GC>" 2#64 "c" 2#64 "lm.fit" "system.time" 1#4 "eval" "eval" "withVisible" "source" 
"<GC>" 2#64 "c" 2#64 "lm.fit" "system.time" 1#4 "eval" "eval" "withVisible" "source" 
"<GC>" 2#64 "c" 2#64 "lm.fit" "system.time" 1#4 "eval" "eval" "withVisible" "source" 
"<GC>" 2#64 "c" 2#64 "lm.fit" "system.time" 1#4 "eval" "eval" "withVisible" "source" 
"<GC>" 2#64 "c" 2#64 "lm.fit" "system.time" 1#4 "eval" "eval" "withVisible" "source" 
2#64 "c" 2#64 "lm.fit" "system.time" 1#4 "eval" "eval" "withVisible" "source" 
2#64 "c" 2#64 "lm.fit" "system.time" 1#4 "eval" "eval" "withVisible" "source" 
2#64 "c" 2#64 "lm.fit" "system.time" 1#4 "eval" "eval" "withVisible" "source" 
2#64 "c" 2#64 "lm.fit" "system.time" 1#4 "eval" "eval" "withVisible" "source" 
2#64 "c" 2#64 "lm.fit" "system.time" 1#4 "eval" "eval" "withVisible" "source" 
2#64 "c" 2#64 "lm.fit" "system.time" 1#4 "eval" "eval" "withVisible" "source" 
2#30 ".Call" 2#30 "lm.fit" "system.time" 1#4 "eval" "eval" "withVisible" "source" 
2#30 ".Call" 2#30 "lm.fit" "system.time" 1#4 "eval" "eval" "withVisible" "source" 
2#30 ".Call" 2#30 "lm.fit" "system.time" 1#4 "eval" "eval" "withVisible" "source" 
2#30 ".Call" 2#30 "lm.fit" "system.time" 1#4 "eval" "eval" "withVisible" "source" 
2#30 ".Call" 2#30 "lm.fit" "system.time" 1#4 "eval" "eval" "withVisible" "source" 
2#30 ".Call" 2#30 "lm.fit" "system.time" 1#4 "eval" "eval" "withVisible" "source" 
2#30 ".Call" 2#30 "lm.fit" "system.time" 1#4 "eval" "eval" "withVisible" "source" 
2#30 ".Call" 2#30 "lm.fit" "system.time" 1#4 "eval" "eval" "withVisible" "source" 
2#30 ".Call" 2#30 "lm.fit" "system.time" 1#4 "eval" "eval" "withVisible" "source" 
2#30 ".Call" 2#30 "lm.fit" "system.time" 1#4 "eval" "eval" "withVisible" "source" 
2#30 ".Call" 2#30 "lm.fit" "system.time" 1#4 "eval" "eval" "withVisible" "source" 
2#30 ".Call" 2#30 "lm.fit" "system.time" 1#4 "eval" "eval" "withVisible" "source" 
2#30 ".Call" 2#30 "lm.fit" "system.time" 1#4 "eval" "eval" "withVisible" "source" 
2#30 ".Call" 2#30 "lm.fit" "system.time" 1#4 "eval" "eval" "withVisible" "source" 
2#30 ".Call" 2#30 "lm.fit" "system.time" 1#4 "eval" "eval" "withVisible" "source" 
2#30 ".Call" 2#30 "lm.fit" "system.time" 1#4 "eval" "eval" "withVisible" "source" 
2#30 ".Call" 2#30 "lm.fit" "system.time" 1#4 "eval" "eval" "withVisible" "source" 
2#30 ".Call" 2#30 "lm.fit" "system.time" 1#4 "eval" "eval" "withVisible" "source" 
"<GC>" 2#30 ".Call" 2#30 "lm.fit" "system.time" 1#4 "eval" "eval" "withVisible" "source" 
"<GC>" 2#30 ".Call" 2#30 "lm.fit" "system.time" 1#4 "eval" "eval" "withVisible" "source" 
"<GC>" 2#30 ".Call" 2#30 "lm.fit" "system.time" 1#4 "eval" "eval" "withVisible" "source" 
"<GC>" 2#30 ".Call" 2#30 "lm.fit" "system.time" 1#4 "eval" "eval" "withVisible" "source" 
"<GC>" 2#30 ".Call" 2#30 "lm.fit" "system.time" 1#4 "eval" "eval" "withVisible" "source" 
"<GC>" 2#30 ".Call" 2#30 "lm.fit" "system.time" 1#4 "eval" "eval" "withVisible" "source" 
2#30 ".Call" 2#30 "lm.fit" "system.time" 1#4 "eval" "eval" "withVisible" "source" 
2#30 ".Call" 2#30 "lm.fit" "system.time" 1#4 "eval" "eval" "withVisible" "source" 
2#30 ".Call" 2#30 "lm.fit" "system.time" 1#4 "eval" "eval" "withVisible" "source" 
2#30 ".Call" 2#30 "lm.fit" "system.time" 1#4 "eval" "eval" "withVisible" "source" 
2#30 ".Call" 2#30 "lm.fit" "system.time" 1#4 "eval" "eval" "withVisible" "source" 
2#30 ".Call" 2#30 "lm.fit" "system.time" 1#4 "eval" "eval" "withVisible" "source" 
2#30 ".Call" 2#30 "lm.fit" "system.time" 1#4 "eval" "eval" "withVisible" "source" 
2#30 ".Call" 2#30 "lm.fit" "system.time" 1#4 "eval" "eval" "withVisible" "source" 
2#30 ".Call" 2#30 "lm.fit" "system.time" 1#4 "eval" "eval" "withVisible" "source" 
2#30 ".Call" 2#30 "lm.fit" "system.time" 1#4 "eval" "eval" "withVisible" "source" 
2#30 ".Call" 2#30 "lm.fit" "system.time" 1#4 "eval" "eval" "withVisible" "source" 
2#30 ".Call" 2#30 "lm.fit" "system.time" 1#4 "eval" "eval" "withVisible" "source" 
2#30 ".Call" 2#30 "lm.fit" "system.time" 1#4 "eval" "eval" "withVisible" "source" 
2#30 ".Call" 2#30 "lm.fit" "system.time" 1#4 "eval" "eval" "withVisible" "source" 
2#30 ".Call" 2#30 "lm.fit" "system.time" 1#4 "eval" "eval" "withVisible" "source" 
2#30 ".Call" 2#30 "lm.fit" "system.time" 1#4 "eval" "eval" "withVisible" "source" 
2#30 ".Call" 2#30 "lm.fit" "system.time" 1#4 "eval" "eval" "withVisible" "source" 
2#30 ".Call" 2#30 "lm.fit" "system.time" 1#4 "eval" "eval" "withVisible" "source" 
2#30 ".Call" 2#30 "lm.fit" "system.time" 1#4 "eval" "eval" "withVisible" "source" 
2#30 ".Call" 2#30 "lm.fit" "system.time" 1#4 "eval" "eval" "withVisible" "source" 
2#30 ".Call" 2#30 "lm.fit" "system.time" 1#4 "eval" "eval" "withVisible" "source" 
2#30 ".Call" 2#30 "lm.fit" "system.time" 1#4 "eval" "eval" "withVisible" "source" 
2#30 ".Call" 2#30 "lm.fit" "system.time" 1#4 "eval" "eval" "withVisible" "source" 
2#30 ".Call" 2#30 "lm.fit" "system.time" 1#4 "eval" "eval" "withVisible" "source" 
2#30 ".Call" 2#30 "lm.fit" "system.time" 1#4 "eval" "eval" "withVisible" "source" 
2#30 ".Call" 2#30 "lm.fit" "system.time" 1#4 "eval" "eval" "withVisible" "source" 
2#30 ".Call" 2#30 "lm.fit" "system.time" 1#4 "eval" "eval" "withVisible" "source" 
2#30 ".Call" 2#30 "lm.fit" "system.time" 1#4 "eval" "eval" "withVisible" "source" 
2#30 ".Call" 2#30 "lm.fit" "system.time" 1#4 "eval" "eval" "withVisible" "source" 
2#30 ".Call" 2#30 "lm.fit" "system.time" 1#4 "eval" "eval" "withVisible" "source" 
2#30 ".Call" 2#30 "lm.fit" "system.time" 1#4 "eval" "eval" "withVisible" "source" 
2#30 ".Call" 2#30 "lm.fit" "system.time" 1#4 "eval" "eval" "withVisible" "source" 
2#30 ".Call" 2#30 "lm.fit" "system.time" 1#4 "eval" "eval" "withVisible" "source" 
2#30 ".Call" 2#30 "lm.fit" "system.time" 1#4 "eval" "eval" "withVisible" "source" 
2#30 ".Call" 2#30 "lm.fit" "system.time" 1#4 "eval" "eval" "withVisible" "source" 
2#30 ".Call" 2#30 "lm.fit" "system.time" 1#4 "eval" "eval" "withVisible" "source" 
2#30 ".Call" 2#30 "lm.fit" "system.time" 1#4 "eval" "eval" "withVisible" "source" 
2#30 ".Call" 2#30 "lm.fit" "system.time" 1#4 "eval" "eval" "withVisible" "source" 
2#30 ".Call" 2#30 "lm.fit" "system.time" 1#4 "eval" "eval" "withVisible" "source" 
2#30 ".Call" 2#30 "lm.fit" "system.time" 1#4 "eval" "eval" "withVisible" "source" 
2#30 ".Call" 2#30 "lm.fit" "system.time" 1#4 "eval" "eval" "withVisible" "source" 
2#30 ".Call" 2#30 "lm.fit" "system.time" 1#4 "eval" "eval" "withVisible" "source" 
2#30 ".Call" 2#30 "lm.fit" "system.time" 1#4 "eval" "eval" "withVisible" "source" 
2#30 ".Call" 2#30 "lm.fit" "system.time" 1#4 "eval" "eval" "withVisible" "source" 
2#30 ".Call" 2#30 "lm.fit" "system.time" 1#4 "eval" "eval" "withVisible" "source" 
2#30 ".Call" 2#30 "lm.fit" "system.time" 1#4 "eval" "eval" "withVisible" "source" 
2#30 ".Call" 2#30 "lm.fit" "system.time" 1#4 "eval" "eval" "withVisible" "source" 
"rep.int" 2#39 "lm.fit" "system.time" 1#4 "eval" "eval" "withVisible" "source" 
"rep.int" 2#39 "lm.fit" "system.time" 1#4 "eval" "eval" "withVisible" "source" 
"rep.int" 2#39 "lm.fit" "system.time" 1#4 "eval" "eval" "withVisible" "source" 
"rep.int" 2#39 "lm.fit" "system.time" 1#4 "eval" "eval" "withVisible" "source" 
"rep.int" 2#39 "lm.fit" "system.time" 1#4 "eval" "eval" "withVisible" "source" 
"rep.int" 2#39 "lm.fit" "system.time" 1#4 "eval" "eval" "withVisible" "source" 
"rep.int" 2#39 "lm.fit" "system.time" 1#4 "eval" "eval" "withVisible" "source" 
2#39 "c" 2#39 "lm.fit" "system.time" 1#4 "eval" "eval" "withVisible" "source" 
2#39 "c" 2#39 "lm.fit" "system.time" 1#4 "eval" "eval" "withVisible" "source" 
2#39 "c" 2#39 "lm.fit" "system.time" 1#4 "eval" "eval" "withVisible" "source" 
2#39 "c" 2#39 "lm.fit" "system.time" 1#4 "eval" "eval" "withVisible" "source" 
2#39 "c" 2#39 "lm.fit" "system.time" 1#4 "eval" "eval" "withVisible" "source" 
2#39 "c" 2#39 "lm.fit" "system.time" 1#4 "eval" "eval" "withVisible" "source" 
2#39 "c" 2#39 "lm.fit" "system.time" 1#4 "eval" "eval" "withVisible" "source" 
2#55 "names<-" 2#55 "lm.fit" "system.time" 1#4 "eval" "eval" "withVisible" "source" 
2#55 "names<-" 2#55 "lm.fit" "system.time" 1#4 "eval" "eval" "withVisible" "source" 
2#55 "names<-" 2#55 "lm.fit" "system.time" 1#4 "eval" "eval" "withVisible" "source" 
2#55 "names<-" 2#55 "lm.fit" "system.time" 1#4 "eval" "eval" "withVisible" "source" 
2#58 "-" 2#58 "lm.fit" "system.time" 1#4 "eval" "eval" "withVisible" "source" 
2#58 "-" 2#58 "lm.fit" "system.time" 1#4 "eval" "eval" "withVisible" "source" 
2#58 "-" 2#58 "lm.fit" "system.time" 1#4 "eval" "eval" "withVisible" "source" 
"structure" 2#64 "lm.fit" "system.time" 1#4 "eval" "eval" "withVisible" "source" 
"structure" 2#64 "lm.fit" "system.time" 1#4 "eval" "eval" "withVisible" "source" 
"structure" 2#64 "lm.fit" "system.time" 1#4 "eval" "eval" "withVisible" "source" 
"structure" 2#64 "lm.fit" "system.time" 1#4 "eval" "eval" "withVisible" "source" 
"structure" 2#64 "lm.fit" "system.time" 1#4 "eval" "eval" "withVisible" "source" 
"structure" 2#64 "lm.fit" "system.time" 1#4 "eval" "eval" "withVisible" "source" 
"structure" 2#64 "lm.fit" "system.time" 1#4 "eval" "eval" "withVisible" "source" 
"structure" 2#64 "lm.fit" "system.time" 1#4 "eval" "eval" "withVisible" "source" 
"structure" 2#64 "lm.fit" "system.time" 1#4 "eval" "eval" "withVisible" "source" 
"structure" 2#64 "lm.fit" "system.time" 1#4 "eval" "eval" "withVisible" "source" 
"structure" 2#64 "lm.fit" "system.time" 1#4 "eval" "eval" "withVisible" "source" 
"structure" 2#64 "lm.fit" "system.time" 1#4 "eval" "eval" "withVisible" "source" 
"<GC>" 2#64 "list" 2#64 "lm.fit" "system.time" 1#4 "eval" "eval" "withVisible" "source" 
"<GC>" 2#64 "list" 2#64 "lm.fit" "system.time" 1#4 "eval" "eval" "withVisible" "source" 
"<GC>" 2#64 "list" 2#64 "lm.fit" "system.time" 1#4 "eval" "eval" "withVisible" "source" 
2#64 "list" 2#64 "lm.fit" "system.time" 1#4 "eval" "eval" "withVisible" "source" 
2#64 "list" 2#64 "lm.fit" "system.time" 1#4 "eval" "eval" "withVisible" "source" 
2#64 "list" 2#64 "lm.fit" "system.time" 1#4 "eval" "eval" "withVisible" "source" 
2#64 "list" 2#64 "lm.fit" "system.time" 1#4 "eval" "eval" "withVisible" "source" 
2#64 "list" 2#64 "lm.fit" "system.time" 1#4 "eval" "eval" "withVisible" "source" 
2#64 "list" 2#64 "lm.fit" "system.time" 1#4 "eval" "eval" "withVisible" "source" 
2#64 "list" 2#64 "lm.fit" "system.time" 1#4 "eval" "eval" "withVisible" "source" 
2#64 "list" 2#64 "lm.fit" "system.time" 1#4 "eval" "eval" "withVisible" "source" 
2#64 "list" 2#64 "lm.fit" "system.time" 1#4 "eval" "eval" "withVisible" "source" 
"<GC>" 2#64 "c" 2#64 "lm.fit" "system.time" 1#4 "eval" "eval" "withVisible" "source" 
"<GC>" 2#64 "c" 2#64 "lm.fit" "system.time" 1#4 "eval" "eval" "withVisible" "source" 
"<GC>" 2#64 "c" 2#64 "lm.fit" "system.time" 1#4 "eval" "eval" "withVisible" "source" 
"<GC>" 2#64 "c" 2#64 "lm.fit" "system.time" 1#4 "eval" "eval" "withVisible" "source" 
2#64 "c" 2#64 "lm.fit" "system.time" 1#4 "eval" "eval" "withVisible" "source" 
2#64 "c" 2#64 "lm.fit" "system.time" 1#4 "eval" "eval" "withVisible" "source" 
2#64 "c" 2#64 "lm.fit" "system.time" 1#4 "eval" "eval" "withVisible" "source" 
2#64 "c" 2#64 "lm.fit" "system.time" 1#4 "eval" "eval" "withVisible" "source" 
2#64 "c" 2#64 "lm.fit" "system.time" 1#4 "eval" "eval" "withVisible" "source" 
2#64 "c" 2#64 "lm.fit" "system.time" 1#4 "eval" "eval" "withVisible" "source" 
"<GC>" 2#64 "c" 2#64 "lm.fit" "system.time" 1#4 "eval" "eval" "withVisible" "source" 
"<GC>" 2#64 "c" 2#64 "lm.fit" "system.time" 1#4 "eval" "eval" "withVisible" "source" 
"<GC>" 2#64 "c" 2#64 "lm.fit" "system.time" 1#4 "eval" "eval" "withVisible" "source" 
2#64 "c" 2#64 "lm.fit" "system.time" 1#4 "eval" "eval" "withVisible" "source" 
2#64 "c" 2#64 "lm.fit" "system.time" 1#4 "eval" "eval" "withVisible" "source" 
2#64 "c" 2#64 "lm.fit" "system.time" 1#4 "eval" "eval" "withVisible" "source" 
"<GC>" 2#64 "c" 2#64 "lm.fit" "system.time" 1#4 "eval" "eval" "withVisible" "source" 
"<GC>" 2#64 "c" 2#64 "lm.fit" "system.time" 1#4 "eval" "eval" "withVisible" "source" 
"<GC>" 2#64 "c" 2#64 "lm.fit" "system.time" 1#4 "eval" "eval" "withVisible" "source" 
"<GC>" 2#64 "c" 2#64 "lm.fit" "system.time" 1#4 "eval" "eval" "withVisible" "source" 
"<GC>" 2#64 "c" 2#64 "lm.fit" "system.time" 1#4 "eval" "eval" "withVisible" "source" 
"<GC>" 2#64 "c" 2#64 "lm.fit" "system.time" 1#4 "eval" "eval" "withVisible" "source" 
"<GC>" 2#64 "c" 2#64 "lm.fit" "system.time" 1#4 "eval" "eval" "withVisible" "source" 
"<GC>" 2#64 "c" 2#64 "lm.fit" "system.time" 1#4 "eval" "eval" "withVisible" "source" 
2#64 "c" 2#64 "lm.fit" "system.time" 1#4 "eval" "eval" "withVisible" "source" 
2#64 "c" 2#64 "lm.fit" "system.time" 1#4 "eval" "eval" "withVisible" "source" 
2#64 "c" 2#64 "lm.fit" "system.time" 1#4 "eval" "eval" "withVisible" "source" 
"<GC>" 2#64 "c" 2#64 "lm.fit" "system.time" 1#4 "eval" "eval" "withVisible" "source" 
"<GC>" 2#64 "c" 2#64 "lm.fit" "system.time" 1#4 "eval" "eval" "withVisible" "source" 
"<GC>" 2#64 "c" 2#64 "lm.fit" "system.time" 1#4 "eval" "eval" "withVisible" "source" 
"<GC>" 2#64 "c" 2#64 "lm.fit" "system.time" 1#4 "eval" "eval" "withVisible" "source" 
2#64 "c" 2#64 "lm.fit" "system.time" 1#4 "eval" "eval" "withVisible" "source" 
2#64 "c" 2#64 "lm.fit" "system.time" 1#4 "eval" "eval" "withVisible" "source" 
2#64 "c" 2#64 "lm.fit" "system.time" 1#4 "eval" "eval" "withVisible" "source" 
2#64 "c" 2#64 "lm.fit" "system.time" 1#4 "eval" "eval" "withVisible" "source" 
2#64 "c" 2#64 "lm.fit" "system.time" 1#4 "eval" "eval" "withVisible" "source" 
2#64 "c" 2#64 "lm.fit" "system.time" 1#4 "eval" "eval" "withVisible" "source" 
2#30 ".Call" 2#30 "lm.fit" "system.time" 1#4 "eval" "eval" "withVisible" "source" 
2#30 ".Call" 2#30 "lm.fit" "system.time" 1#4 "eval" "eval" "withVisible" "source" 
2#30 ".Call" 2#30 "lm.fit" "system.time" 1#4 "eval" "eval" "withVisible" "source" 
2#30 ".Call" 2#30 "lm.fit" "system.time" 1#4 "eval" "eval" "withVisible" "source" 
2#30 ".Call" 2#30 "lm.fit" "system.time" 1#4 "eval" "eval" "withVisible" "source" 
2#30 ".Call" 2#30 "lm.fit" "system.time" 1#4 "eval" "eval" "withVisible" "source" 
2#30 ".Call" 2#30 "lm.fit" "system.time" 1#4 "eval" "eval" "withVisible" "source" 
2#30 ".Call" 2#30 "lm.fit" "system.time" 1#4 "eval" "eval" "withVisible" "source" 
2#30 ".Call" 2#30 "lm.fit" "system.time" 1#4 "eval" "eval" "withVisible" "source" 
2#30 ".Call" 2#30 "lm.fit" "system.time" 1#4 "eval" "eval" "withVisible" "source" 
2#30 ".Call" 2#30 "lm.fit" "system.time" 1#4 "eval" "eval" "withVisible" "source" 
2#30 ".Call" 2#30 "lm.fit" "system.time" 1#4 "eval" "eval" "withVisible" "source" 
2#30 ".Call" 2#30 "lm.fit" "system.time" 1#4 "eval" "eval" "withVisible" "source" 
2#30 ".Call" 2#30 "lm.fit" "system.time" 1#4 "eval" "eval" "withVisible" "source" 
2#30 ".Call" 2#30 "lm.fit" "system.time" 1#4 "eval" "eval" "withVisible" "source" 
2#30 ".Call" 2#30 "lm.fit" "system.time" 1#4 "eval" "eval" "withVisible" "source" 
2#30 ".Call" 2#30 "lm.fit" "system.time" 1#4 "eval" "eval" "withVisible" "source" 
2#30 ".Call" 2#30 "lm.fit" "system.time" 1#4 "eval" "eval" "withVisible" "source" 
"<GC>" 2#30 ".Call" 2#30 "lm.fit" "system.time" 1#4 "eval" "eval" "withVisible" "source" 
"<GC>" 2#30 ".Call" 2#30 "lm.fit" "system.time" 1#4 "eval" "eval" "withVisible" "source" 
"<GC>" 2#30 ".Call" 2#30 "lm.fit" "system.time" 1#4 "eval" "eval" "withVisible" "source" 
"<GC>" 2#30 ".Call" 2#30 "lm.fit" "system.time" 1#4 "eval" "eval" "withVisible" "source" 
"<GC>" 2#30 ".Call" 2#30 "lm.fit" "system.time" 1#4 "eval" "eval" "withVisible" "source" 
"<GC>" 2#30 ".Call" 2#30 "lm.fit" "system.time" 1#4 "eval" "eval" "withVisible" "source" 
2#30 ".Call" 2#30 "lm.fit" "system.time" 1#4 "eval" "eval" "withVisible" "source" 
2#30 ".Call" 2#30 "lm.fit" "system.time" 1#4 "eval" "eval" "withVisible" "source" 
2#30 ".Call" 2#30 "lm.fit" "system.time" 1#4 "eval" "eval" "withVisible" "source" 
2#30 ".Call" 2#30 "lm.fit" "system.time" 1#4 "eval" "eval" "withVisible" "source" 
2#30 ".Call" 2#30 "lm.fit" "system.time" 1#4 "eval" "eval" "withVisible" "source" 
2#30 ".Call" 2#30 "lm.fit" "system.time" 1#4 "eval" "eval" "withVisible" "source" 
2#30 ".Call" 2#30 "lm.fit" "system.time" 1#4 "eval" "eval" "withVisible" "source" 
2#30 ".Call" 2#30 "lm.fit" "system.time" 1#4 "eval" "eval" "withVisible" "source" 
2#30 ".Call" 2#30 "lm.fit" "system.time" 1#4 "eval" "eval" "withVisible" "source" 
2#30 ".Call" 2#30 "lm.fit" "system.time" 1#4 "eval" "eval" "withVisible" "source" 
2#30 ".Call" 2#30 "lm.fit" "system.time" 1#4 "eval" "eval" "withVisible" "source" 
2#30 ".Call" 2#30 "lm.fit" "system.time" 1#4 "eval" "eval" "withVisible" "source" 
2#30 ".Call" 2#30 "lm.fit" "system.time" 1#4 "eval" "eval" "withVisible" "source" 
2#30 ".Call" 2#30 "lm.fit" "system.time" 1#4 "eval" "eval" "withVisible" "source" 
2#30 ".Call" 2#30 "lm.fit" "system.time" 1#4 "eval" "eval" "withVisible" "source" 
2#30 ".Call" 2#30 "lm.fit" "system.time" 1#4 "eval" "eval" "withVisible" "source" 
2#30 ".Call" 2#30 "lm.fit" "system.time" 1#4 "eval" "eval" "withVisible" "source" 
2#30 ".Call" 2#30 "lm.fit" "system.time" 1#4 "eval" "eval" "withVisible" "source" 
2#30 ".Call" 2#30 "lm.fit" "system.time" 1#4 "eval" "eval" "withVisible" "source" 
2#30 ".Call" 2#30 "lm.fit" "system.time" 1#4 "eval" "eval" "withVisible" "source" 
2#30 ".Call" 2#30 "lm.fit" "system.time" 1#4 "eval" "eval" "withVisible" "source" 
2#30 ".Call" 2#30 "lm.fit" "system.time" 1#4 "eval" "eval" "withVisible" "source" 
2#30 ".Call" 2#30 "lm.fit" "system.time" 1#4 "eval" "eval" "withVisible" "source" 
2#30 ".Call" 2#30 "lm.fit" "system.time" 1#4 "eval" "eval" "withVisible" "source" 
2#30 ".Call" 2#30 "lm.fit" "system.time" 1#4 "eval" "eval" "withVisible" "source" 
2#30 ".Call" 2#30 "lm.fit" "system.time" 1#4 "eval" "eval" "withVisible" "source" 
2#30 ".Call" 2#30 "lm.fit" "system.time" 1#4 "eval" "eval" "withVisible" "source" 
2#30 ".Call" 2#30 "lm.fit" "system.time" 1#4 "eval" "eval" "withVisible" "source" 
2#30 ".Call" 2#30 "lm.fit" "system.time" 1#4 "eval" "eval" "withVisible" "source" 
2#30 ".Call" 2#30 "lm.fit" "system.time" 1#4 "eval" "eval" "withVisible" "source" 
2#30 ".Call" 2#30 "lm.fit" "system.time" 1#4 "eval" "eval" "withVisible" "source" 
2#30 ".Call" 2#30 "lm.fit" "system.time" 1#4 "eval" "eval" "withVisible" "source" 
2#30 ".Call" 2#30 "lm.fit" "system.time" 1#4 "eval" "eval" "withVisible" "source" 
2#30 ".Call" 2#30 "lm.fit" "system.time" 1#4 "eval" "eval" "withVisible" "source" 
2#30 ".Call" 2#30 "lm.fit" "system.time" 1#4 "eval" "eval" "withVisible" "source" 
2#30 ".Call" 2#30 "lm.fit" "system.time" 1#4 "eval" "eval" "withVisible" "source" 
2#30 ".Call" 2#30 "lm.fit" "system.time" 1#4 "eval" "eval" "withVisible" "source" 
2#30 ".Call" 2#30 "lm.fit" "system.time" 1#4 "eval" "eval" "withVisible" "source" 
2#30 ".Call" 2#30 "lm.fit" "system.time" 1#4 "eval" "eval" "withVisible" "source" 
2#30 ".Call" 2#30 "lm.fit" "system.time" 1#4 "eval" "eval" "withVisible" "source" 
2#30 ".Call" 2#30 "lm.fit" "system.time" 1#4 "eval" "eval" "withVisible" "source" 
2#30 ".Call" 2#30 "lm.fit" "system.time" 1#4 "eval" "eval" "withVisible" "source" 
2#30 ".Call" 2#30 "lm.fit" "system.time" 1#4 "eval" "eval" "withVisible" "source" 
2#30 ".Call" 2#30 "lm.fit" "system.time" 1#4 "eval" "eval" "withVisible" "source" 
2#30 ".Call" 2#30 "lm.fit" "system.time" 1#4 "eval" "eval" "withVisible" "source" 
2#30 ".Call" 2#30 "lm.fit" "system.time" 1#4 "eval" "eval" "withVisible" "source" 
2#30 ".Call" 2#30 "lm.fit" "system.time" 1#4 "eval" "eval" "withVisible" "source" 
"rep.int" 2#39 "lm.fit" "system.time" 1#4 "eval" "eval" "withVisible" "source" 
"rep.int" 2#39 "lm.fit" "system.time" 1#4 "eval" "eval" "withVisible" "source" 
"rep.int" 2#39 "lm.fit" "system.time" 1#4 "eval" "eval" "withVisible" "source" 
"rep.int" 2#39 "lm.fit" "system.time" 1#4 "eval" "eval" "withVisible" "source" 
"rep.int" 2#39 "lm.fit" "system.time" 1#4 "eval" "eval" "withVisible" "source" 
"rep.int" 2#39 "lm.fit" "system.time" 1#4 "eval" "eval" "withVisible" "source" 
"rep.int" 2#39 "lm.fit" "system.time" 1#4 "eval" "eval" "withVisible" "source" 
2#39 "c" 2#39 "lm.fit" "system.time" 1#4 "eval" "eval" "withVisible" "source" 
2#39 "c" 2#39 "lm.fit" "system.time" 1#4 "eval" "eval" "withVisible" "source" 
2#39 "c" 2#39 "lm.fit" "system.time" 1#4 "eval" "eval" "withVisible" "source" 
2#39 "c" 2#39 "lm.fit" "system.time" 1#4 "eval" "eval" "withVisible" "source" 
2#39 "c" 2#39 "lm.fit" "system.time" 1#4 "eval" "eval" "withVisible" "source" 
2#39 "c" 2#39 "lm.fit" "system.time" 1#4 "eval" "eval" "withVisible" "source" 
2#39 "c" 2#39 "lm.fit" "system.time" 1#4 "eval" "eval" "withVisible" "source" 
2#39 "c" 2#39 "lm.fit" "system.time" 1#4 "eval" "eval" "withVisible" "source" 
2#55 "names<-" 2#55 "lm.fit" "system.time" 1#4 "eval" "eval" "withVisible" "source" 
2#55 "names<-" 2#55 "lm.fit" "system.time" 1#4 "eval" "eval" "withVisible" "source" 
2#55 "names<-" 2#55 "lm.fit" "system.time" 1#4 "eval" "eval" "withVisible" "source" 
2#58 "-" 2#58 "lm.fit" "system.time" 1#4 "eval" "eval" "withVisible" "source" 
2#58 "-" 2#58 "lm.fit" "system.time" 1#4 "eval" "eval" "withVisible" "source" 
2#58 "-" 2#58 "lm.fit" "system.time" 1#4 "eval" "eval" "withVisible" "source" 
"structure" 2#64 "lm.fit" "system.time" 1#4 "eval" "eval" "withVisible" "source" 
"structure" 2#64 "lm.fit" "system.time" 1#4 "eval" "eval" "withVisible" "source" 
"structure" 2#64 "lm.fit" "system.time" 1#4 "eval" "eval" "withVisible" "source" 
"structure" 2#64 "lm.fit" "system.time" 1#4 "eval" "eval" "withVisible" "source" 
"structure" 2#64 "lm.fit" "system.time" 1#4 "eval" "eval" "withVisible" "source" 
"structure" 2#64 "lm.fit" "system.time" 1#4 "eval" "eval" "withVisible" "source" 
"structure" 2#64 "lm.fit" "system.time" 1#4 "eval" "eval" "withVisible" "source" 
"structure" 2#64 "lm.fit" "system.time" 1#4 "eval" "eval" "withVisible" "source" 
"structure" 2#64 "lm.fit" "system.time" 1#4 "eval" "eval" "withVisible" "source" 
"structure" 2#64 "lm.fit" "system.time" 1#4 "eval" "eval" "withVisible" "source" 
"structure" 2#64 "lm.fit" "system.time" 1#4 "eval" "eval" "withVisible" "source" 
"structure" 2#64 "lm.fit" "system.time" 1#4 "eval" "eval" "withVisible" "source" 
"<GC>" 2#64 "list" 2#64 "lm.fit" "system.time" 1#4 "eval" "eval" "withVisible" "source" 
"<GC>" 2#64 "list" 2#64 "lm.fit" "system.time" 1#4 "eval" "eval" "withVisible" "source" 
"<GC>" 2#64 "list" 2#64 "lm.fit" "system.time" 1#4 "eval" "eval" "withVisible" "source" 
"<GC>" 2#64 "list" 2#64 "lm.fit" "system.time" 1#4 "eval" "eval" "withVisible" "source" 
2#64 "list" 2#64 "lm.fit" "system.time" 1#4 "eval" "eval" "withVisible" "source" 
2#64 "list" 2#64 "lm.fit" "system.time" 1#4 "eval" "eval" "withVisible" "source" 
2#64 "list" 2#64 "lm.fit" "system.time" 1#4 "eval" "eval" "withVisible" "source" 
2#64 "list" 2#64 "lm.fit" "system.time" 1#4 "eval" "eval" "withVisible" "source" 
2#64 "list" 2#64 "lm.fit" "system.time" 1#4 "eval" "eval" "withVisible" "source" 
2#64 "list" 2#64 "lm.fit" "system.time" 1#4 "eval" "eval" "withVisible" "source" 
2#64 "list" 2#64 "lm.fit" "system.time" 1#4 "eval" "eval" "withVisible" "source" 
2#64 "list" 2#64 "lm.fit" "system.time" 1#4 "eval" "eval" "withVisible" "source" 
2#64 "list" 2#64 "lm.fit" "system.time" 1#4 "eval" "eval" "withVisible" "source" 
"<GC>" 2#64 "c" 2#64 "lm.fit" "system.time" 1#4 "eval" "eval" "withVisible" "source" 
"<GC>" 2#64 "c" 2#64 "lm.fit" "system.time" 1#4 "eval" "eval" "withVisible" "source" 
"<GC>" 2#64 "c" 2#64 "lm.fit" "system.time" 1#4 "eval" "eval" "withVisible" "source" 
"<GC>" 2#64 "c" 2#64 "lm.fit" "system.time" 1#4 "eval" "eval" "withVisible" "source" 
"<GC>" 2#64 "c" 2#64 "lm.fit" "system.time" 1#4 "eval" "eval" "withVisible" "source" 
"<GC>" 2#64 "c" 2#64 "lm.fit" "system.time" 1#4 "eval" "eval" "withVisible" "source" 
"<GC>" 2#64 "c" 2#64 "lm.fit" "system.time" 1#4 "eval" "eval" "withVisible" "source" 
2#64 "c" 2#64 "lm.fit" "system.time" 1#4 "eval" "eval" "withVisible" "source" 
2#64 "c" 2#64 "lm.fit" "system.time" 1#4 "eval" "eval" "withVisible" "source" 
2#64 "c" 2#64 "lm.fit" "system.time" 1#4 "eval" "eval" "withVisible" "source" 
2#64 "c" 2#64 "lm.fit" "system.time" 1#4 "eval" "eval" "withVisible" "source" 
2#64 "c" 2#64 "lm.fit" "system.time" 1#4 "eval" "eval" "withVisible" "source" 
2#64 "c" 2#64 "lm.fit" "system.time" 1#4 "eval" "eval" "withVisible" "source" 
2#64 "c" 2#64 "lm.fit" "system.time" 1#4 "eval" "eval" "withVisible" "source" 
2#64 "c" 2#64 "lm.fit" "system.time" 1#4 "eval" "eval" "withVisible" "source" 
2#64 "c" 2#64 "lm.fit" "system.time" 1#4 "eval" "eval" "withVisible" "source" 
"<GC>" 2#64 "c" 2#64 "lm.fit" "system.time" 1#4 "eval" "eval" "withVisible" "source" 
"<GC>" 2#64 "c" 2#64 "lm.fit" "system.time" 1#4 "eval" "eval" "withVisible" "source" 
"<GC>" 2#64 "c" 2#64 "lm.fit" "system.time" 1#4 "eval" "eval" "withVisible" "source" 
"<GC>" 2#64 "c" 2#64 "lm.fit" "system.time" 1#4 "eval" "eval" "withVisible" "source" 
"<GC>" 2#64 "c" 2#64 "lm.fit" "system.time" 1#4 "eval" "eval" "withVisible" "source" 
"<GC>" 2#64 "c" 2#64 "lm.fit" "system.time" 1#4 "eval" "eval" "withVisible" "source" 
"<GC>" 2#64 "c" 2#64 "lm.fit" "system.time" 1#4 "eval" "eval" "withVisible" "source" 
2#64 "c" 2#64 "lm.fit" "system.time" 1#4 "eval" "eval" "withVisible" "source" 
2#64 "c" 2#64 "lm.fit" "system.time" 1#4 "eval" "eval" "withVisible" "source" 
2#64 "c" 2#64 "lm.fit" "system.time" 1#4 "eval" "eval" "withVisible" "source" 
"<GC>" 2#64 "c" 2#64 "lm.fit" "system.time" 1#4 "eval" "eval" "withVisible" "source" 
"<GC>" 2#64 "c" 2#64 "lm.fit" "system.time" 1#4 "eval" "eval" "withVisible" "source" 
"<GC>" 2#64 "c" 2#64 "lm.fit" "system.time" 1#4 "eval" "eval" "withVisible" "source" 
"<GC>" 2#64 "c" 2#64 "lm.fit" "system.time" 1#4 "eval" "eval" "withVisible" "source" 
"<GC>" 2#64 "c" 2#64 "lm.fit" "system.time" 1#4 "eval" "eval" "withVisible" "source" 
2#64 "c" 2#64 "lm.fit" "system.time" 1#4 "eval" "eval" "withVisible" "source" 
2#64 "c" 2#64 "lm.fit" "system.time" 1#4 "eval" "eval" "withVisible" "source" 
2#64 "c" 2#64 "lm.fit" "system.time" 1#4 "eval" "eval" "withVisible" "source" 
2#64 "c" 2#64 "lm.fit" "system.time" 1#4 "eval" "eval" "withVisible" "source" 
2#64 "c" 2#64 "lm.fit" "system.time" 1#4 "eval" "eval" "withVisible" "source" 
2#64 "c" 2#64 "lm.fit" "system.time" 1#4 "eval" "eval" "withVisible" "source" 
2#30 ".Call" 2#30 "lm.fit" "system.time" 1#4 "eval" "eval" "withVisible" "source" 
2#30 ".Call" 2#30 "lm.fit" "system.time" 1#4 "eval" "eval" "withVisible" "source" 
2#30 ".Call" 2#30 "lm.fit" "system.time" 1#4 "eval" "eval" "withVisible" "source" 
2#30 ".Call" 2#30 "lm.fit" "system.time" 1#4 "eval" "eval" "withVisible" "source" 
2#30 ".Call" 2#30 "lm.fit" "system.time" 1#4 "eval" "eval" "withVisible" "source" 
2#30 ".Call" 2#30 "lm.fit" "system.time" 1#4 "eval" "eval" "withVisible" "source" 
2#30 ".Call" 2#30 "lm.fit" "system.time" 1#4 "eval" "eval" "withVisible" "source" 
2#30 ".Call" 2#30 "lm.fit" "system.time" 1#4 "eval" "eval" "withVisible" "source" 
2#30 ".Call" 2#30 "lm.fit" "system.time" 1#4 "eval" "eval" "withVisible" "source" 
2#30 ".Call" 2#30 "lm.fit" "system.time" 1#4 "eval" "eval" "withVisible" "source" 
2#30 ".Call" 2#30 "lm.fit" "system.time" 1#4 "eval" "eval" "withVisible" "source" 
2#30 ".Call" 2#30 "lm.fit" "system.time" 1#4 "eval" "eval" "withVisible" "source" 
2#30 ".Call" 2#30 "lm.fit" "system.time" 1#4 "eval" "eval" "withVisible" "source" 
2#30 ".Call" 2#30 "lm.fit" "system.time" 1#4 "eval" "eval" "withVisible" "source" 
2#30 ".Call" 2#30 "lm.fit" "system.time" 1#4 "eval" "eval" "withVisible" "source" 
2#30 ".Call" 2#30 "lm.fit" "system.time" 1#4 "eval" "eval" "withVisible" "source" 
2#30 ".Call" 2#30 "lm.fit" "system.time" 1#4 "eval" "eval" "withVisible" "source" 
"<GC>" 2#30 ".Call" 2#30 "lm.fit" "system.time" 1#4 "eval" "eval" "withVisible" "source" 
"<GC>" 2#30 ".Call" 2#30 "lm.fit" "system.time" 1#4 "eval" "eval" "withVisible" "source" 
"<GC>" 2#30 ".Call" 2#30 "lm.fit" "system.time" 1#4 "eval" "eval" "withVisible" "source" 
"<GC>" 2#30 ".Call" 2#30 "lm.fit" "system.time" 1#4 "eval" "eval" "withVisible" "source" 
"<GC>" 2#30 ".Call" 2#30 "lm.fit" "system.time" 1#4 "eval" "eval" "withVisible" "source" 
"<GC>" 2#30 ".Call" 2#30 "lm.fit" "system.time" 1#4 "eval" "eval" "withVisible" "source" 
"<GC>" 2#30 ".Call" 2#30 "lm.fit" "system.time" 1#4 "eval" "eval" "withVisible" "source" 
2#30 ".Call" 2#30 "lm.fit" "system.time" 1#4 "eval" "eval" "withVisible" "source" 
2#30 ".Call" 2#30 "lm.fit" "system.time" 1#4 "eval" "eval" "withVisible" "source" 
2#30 ".Call" 2#30 "lm.fit" "system.time" 1#4 "eval" "eval" "withVisible" "source" 
2#30 ".Call" 2#30 "lm.fit" "system.time" 1#4 "eval" "eval" "withVisible" "source" 
2#30 ".Call" 2#30 "lm.fit" "system.time" 1#4 "eval" "eval" "withVisible" "source" 
2#30 ".Call" 2#30 "lm.fit" "system.time" 1#4 "eval" "eval" "withVisible" "source" 
2#30 ".Call" 2#30 "lm.fit" "system.time" 1#4 "eval" "eval" "withVisible" "source" 
2#30 ".Call" 2#30 "lm.fit" "system.time" 1#4 "eval" "eval" "withVisible" "source" 
2#30 ".Call" 2#30 "lm.fit" "system.time" 1#4 "eval" "eval" "withVisible" "source" 
2#30 ".Call" 2#30 "lm.fit" "system.time" 1#4 "eval" "eval" "withVisible" "source" 
2#30 ".Call" 2#30 "lm.fit" "system.time" 1#4 "eval" "eval" "withVisible" "source" 
2#30 ".Call" 2#30 "lm.fit" "system.time" 1#4 "eval" "eval" "withVisible" "source" 
2#30 ".Call" 2#30 "lm.fit" "system.time" 1#4 "eval" "eval" "withVisible" "source" 
2#30 ".Call" 2#30 "lm.fit" "system.time" 1#4 "eval" "eval" "withVisible" "source" 
2#30 ".Call" 2#30 "lm.fit" "system.time" 1#4 "eval" "eval" "withVisible" "source" 
2#30 ".Call" 2#30 "lm.fit" "system.time" 1#4 "eval" "eval" "withVisible" "source" 
2#30 ".Call" 2#30 "lm.fit" "system.time" 1#4 "eval" "eval" "withVisible" "source" 
2#30 ".Call" 2#30 "lm.fit" "system.time" 1#4 "eval" "eval" "withVisible" "source" 
2#30 ".Call" 2#30 "lm.fit" "system.time" 1#4 "eval" "eval" "withVisible" "source" 
2#30 ".Call" 2#30 "lm.fit" "system.time" 1#4 "eval" "eval" "withVisible" "source" 
2#30 ".Call" 2#30 "lm.fit" "system.time" 1#4 "eval" "eval" "withVisible" "source" 
2#30 ".Call" 2#30 "lm.fit" "system.time" 1#4 "eval" "eval" "withVisible" "source" 
2#30 ".Call" 2#30 "lm.fit" "system.time" 1#4 "eval" "eval" "withVisible" "source" 
2#30 ".Call" 2#30 "lm.fit" "system.time" 1#4 "eval" "eval" "withVisible" "source" 
2#30 ".Call" 2#30 "lm.fit" "system.time" 1#4 "eval" "eval" "withVisible" "source" 
2#30 ".Call" 2#30 "lm.fit" "system.time" 1#4 "eval" "eval" "withVisible" "source" 
2#30 ".Call" 2#30 "lm.fit" "system.time" 1#4 "eval" "eval" "withVisible" "source" 
2#30 ".Call" 2#30 "lm.fit" "system.time" 1#4 "eval" "eval" "withVisible" "source" 
2#30 ".Call" 2#30 "lm.fit" "system.time" 1#4 "eval" "eval" "withVisible" "source" 
2#30 ".Call" 2#30 "lm.fit" "system.time" 1#4 "eval" "eval" "withVisible" "source" 
2#30 ".Call" 2#30 "lm.fit" "system.time" 1#4 "eval" "eval" "withVisible" "source" 
2#30 ".Call" 2#30 "lm.fit" "system.time" 1#4 "eval" "eval" "withVisible" "source" 
2#30 ".Call" 2#30 "lm.fit" "system.time" 1#4 "eval" "eval" "withVisible" "source" 
2#30 ".Call" 2#30 "lm.fit" "system.time" 1#4 "eval" "eval" "withVisible" "source" 
2#30 ".Call" 2#30 "lm.fit" "system.time" 1#4 "eval" "eval" "withVisible" "source" 
2#30 ".Call" 2#30 "lm.fit" "system.time" 1#4 "eval" "eval" "withVisible" "source" 
2#30 ".Call" 2#30 "lm.fit" "system.time" 1#4 "eval" "eval" "withVisible" "source" 
2#30 ".Call" 2#30 "lm.fit" "system.time" 1#4 "eval" "eval" "withVisible" "source" 
2#30 ".Call" 2#30 "lm.fit" "system.time" 1#4 "eval" "eval" "withVisible" "source" 
2#30 ".Call" 2#30 "lm.fit" "system.time" 1#4 "eval" "eval" "withVisible" "source" 
2#30 ".Call" 2#30 "lm.fit" "system.time" 1#4 "eval" "eval" "withVisible" "source" 
2#30 ".Call" 2#30 "lm.fit" "system.time" 1#4 "eval" "eval" "withVisible" "source" 
2#30 ".Call" 2#30 "lm.fit" "system.time" 1#4 "eval" "eval" "withVisible" "source" 
2#30 ".Call" 2#30 "lm.fit" "system.time" 1#4 "eval" "eval" "withVisible" "source" 
2#30 ".Call" 2#30 "lm.fit" "system.time" 1#4 "eval" "eval" "withVisible" "source" 
2#30 ".Call" 2#30 "lm.fit" "system.time" 1#4 "eval" "eval" "withVisible" "source" 
2#30 ".Call" 2#30 "lm.fit" "system.time" 1#4 "eval" "eval" "withVisible" "source" 
"rep.int" 2#39 "lm.fit" "system.time" 1#4 "eval" "eval" "withVisible" "source" 
"rep.int" 2#39 "lm.fit" "system.time" 1#4 "eval" "eval" "withVisible" "source" 
"rep.int" 2#39 "lm.fit" "system.time" 1#4 "eval" "eval" "withVisible" "source" 
"rep.int" 2#39 "lm.fit" "system.time" 1#4 "eval" "eval" "withVisible" "source" 
"rep.int" 2#39 "lm.fit" "system.time" 1#4 "eval" "eval" "withVisible" "source" 
"rep.int" 2#39 "lm.fit" "system.time" 1#4 "eval" "eval" "withVisible" "source" 
"rep.int" 2#39 "lm.fit" "system.time" 1#4 "eval" "eval" "withVisible" "source" 
2#39 "c" 2#39 "lm.fit" "system.time" 1#4 "eval" "eval" "withVisible" "source" 
2#39 "c" 2#39 "lm.fit" "system.time" 1#4 "eval" "eval" "withVisible" "source" 
2#39 "c" 2#39 "lm.fit" "system.time" 1#4 "eval" "eval" "withVisible" "source" 
2#39 "c" 2#39 "lm.fit" "system.time" 1#4 "eval" "eval" "withVisible" "source" 
2#39 "c" 2#39 "lm.fit" "system.time" 1#4 "eval" "eval" "withVisible" "source" 
2#39 "c" 2#39 "lm.fit" "system.time" 1#4 "eval" "eval" "withVisible" "source" 
2#39 "c" 2#39 "lm.fit" "system.time" 1#4 "eval" "eval" "withVisible" "source" 
2#55 "names<-" 2#55 "lm.fit" "system.time" 1#4 "eval" "eval" "withVisible" "source" 
2#55 "names<-" 2#55 "lm.fit" "system.time" 1#4 "eval" "eval" "withVisible" "source" 
2#55 "names<-" 2#55 "lm.fit" "system.time" 1#4 "eval" "eval" "withVisible" "source" 
2#55 "names<-" 2#55 "lm.fit" "system.time" 1#4 "eval" "eval" "withVisible" "source" 
2#58 "-" 2#58 "lm.fit" "system.time" 1#4 "eval" "eval" "withVisible" "source" 
2#58 "-" 2#58 "lm.fit" "system.time" 1#4 "eval" "eval" "withVisible" "source" 
"structure" 2#64 "lm.fit" "system.time" 1#4 "eval" "eval" "withVisible" "source" 
"structure" 2#64 "lm.fit" "system.time" 1#4 "eval" "eval" "withVisible" "source" 
"structure" 2#64 "lm.fit" "system.time" 1#4 "eval" "eval" "withVisible" "source" 
"structure" 2#64 "lm.fit" "system.time" 1#4 "eval" "eval" "withVisible" "source" 
"structure" 2#64 "lm.fit" "system.time" 1#4 "eval" "eval" "withVisible" "source" 
"structure" 2#64 "lm.fit" "system.time" 1#4 "eval" "eval" "withVisible" "source" 
"structure" 2#64 "lm.fit" "system.time" 1#4 "eval" "eval" "withVisible" "source" 
"structure" 2#64 "lm.fit" "system.time" 1#4 "eval" "eval" "withVisible" "source" 
"structure" 2#64 "lm.fit" "system.time" 1#4 "eval" "eval" "withVisible" "source" 
"structure" 2#64 "lm.fit" "system.time" 1#4 "eval" "eval" "withVisible" "source" 
"structure" 2#64 "lm.fit" "system.time" 1#4 "eval" "eval" "withVisible" "source" 
"structure" 2#64 "lm.fit" "system.time" 1#4 "eval" "eval" "withVisible" "source" 
"structure" 2#64 "lm.fit" "system.time" 1#4 "eval" "eval" "withVisible" "source" 
"<GC>" 2#64 "list" 2#64 "lm.fit" "system.time" 1#4 "eval" "eval" "withVisible" "source" 
"<GC>" 2#64 "list" 2#64 "lm.fit" "system.time" 1#4 "eval" "eval" "withVisible" "source" 
"<GC>" 2#64 "list" 2#64 "lm.fit" "system.time" 1#4 "eval" "eval" "withVisible" "source" 
2#64 "list" 2#64 "lm.fit" "system.time" 1#4 "eval" "eval" "withVisible" "source" 
2#64 "list" 2#64 "lm.fit" "system.time" 1#4 "eval" "eval" "withVisible" "source" 
2#64 "list" 2#64 "lm.fit" "system.time" 1#4 "eval" "eval" "withVisible" "source" 
2#64 "list" 2#64 "lm.fit" "system.time" 1#4 "eval" "eval" "withVisible" "source" 
2#64 "list" 2#64 "lm.fit" "system.time" 1#4 "eval" "eval" "withVisible" "source" 
2#64 "list" 2#64 "lm.fit" "system.time" 1#4 "eval" "eval" "withVisible" "source" 
2#64 "list" 2#64 "lm.fit" "system.time" 1#4 "eval" "eval" "withVisible" "source" 
2#64 "list" 2#64 "lm.fit" "system.time" 1#4 "eval" "eval" "withVisible" "source" 
2#64 "list" 2#64 "lm.fit" "system.time" 1#4 "eval" "eval" "withVisible" "source" 
"<GC>" 2#64 "c" 2#64 "lm.fit" "system.time" 1#4 "eval" "eval" "withVisible" "source" 
"<GC>" 2#64 "c" 2#64 "lm.fit" "system.time" 1#4 "eval" "eval" "withVisible" "source" 
"<GC>" 2#64 "c" 2#64 "lm.fit" "system.time" 1#4 "eval" "eval" "withVisible" "source" 
"<GC>" 2#64 "c" 2#64 "lm.fit" "system.time" 1#4 "eval" "eval" "withVisible" "source" 
2#64 "c" 2#64 "lm.fit" "system.time" 1#4 "eval" "eval" "withVisible" "source" 
2#64 "c" 2#64 "lm.fit" "system.time" 1#4 "eval" "eval" "withVisible" "source" 
2#64 "c" 2#64 "lm.fit" "system.time" 1#4 "eval" "eval" "withVisible" "source" 
2#64 "c" 2#64 "lm.fit" "system.time" 1#4 "eval" "eval" "withVisible" "source" 
2#64 "c" 2#64 "lm.fit" "system.time" 1#4 "eval" "eval" "withVisible" "source" 
2#64 "c" 2#64 "lm.fit" "system.time" 1#4 "eval" "eval" "withVisible" "source" 
"<GC>" 2#64 "c" 2#64 "lm.fit" "system.time" 1#4 "eval" "eval" "withVisible" "source" 
"<GC>" 2#64 "c" 2#64 "lm.fit" "system.time" 1#4 "eval" "eval" "withVisible" "source" 
"<GC>" 2#64 "c" 2#64 "lm.fit" "system.time" 1#4 "eval" "eval" "withVisible" "source" 
"<GC>" 2#64 "c" 2#64 "lm.fit" "system.time" 1#4 "eval" "eval" "withVisible" "source" 
2#64 "c" 2#64 "lm.fit" "system.time" 1#4 "eval" "eval" "withVisible" "source" 
2#64 "c" 2#64 "lm.fit" "system.time" 1#4 "eval" "eval" "withVisible" "source" 
2#64 "c" 2#64 "lm.fit" "system.time" 1#4 "eval" "eval" "withVisible" "source" 
"<GC>" 2#64 "c" 2#64 "lm.fit" "system.time" 1#4 "eval" "eval" "withVisible" "source" 
"<GC>" 2#64 "c" 2#64 "lm.fit" "system.time" 1#4 "eval" "eval" "withVisible" "source" 
"<GC>" 2#64 "c" 2#64 "lm.fit" "system.time" 1#4 "eval" "eval" "withVisible" "source" 
"<GC>" 2#64 "c" 2#64 "lm.fit" "system.time" 1#4 "eval" "eval" "withVisible" "source" 
"<GC>" 2#64 "c" 2#64 "lm.fit" "system.time" 1#4 "eval" "eval" "withVisible" "source" 
"<GC>" 2#64 "c" 2#64 "lm.fit" "system.time" 1#4 "eval" "eval" "withVisible" "source" 
"<GC>" 2#64 "c" 2#64 "lm.fit" "system.time" 1#4 "eval" "eval" "withVisible" "source" 
2#64 "c" 2#64 "lm.fit" "system.time" 1#4 "eval" "eval" "withVisible" "source" 
2#64 "c" 2#64 "lm.fit" "system.time" 1#4 "eval" "eval" "withVisible" "source" 
2#64 "c" 2#64 "lm.fit" "system.time" 1#4 "eval" "eval" "withVisible" "source" 
"<GC>" 2#64 "c" 2#64 "lm.fit" "system.time" 1#4 "eval" "eval" "withVisible" "source" 
"<GC>" 2#64 "c" 2#64 "lm.fit" "system.time" 1#4 "eval" "eval" "withVisible" "source" 
"<GC>" 2#64 "c" 2#64 "lm.fit" "system.time" 1#4 "eval" "eval" "withVisible" "source" 
"<GC>" 2#64 "c" 2#64 "lm.fit" "system.time" 1#4 "eval" "eval" "withVisible" "source" 
"<GC>" 2#64 "c" 2#64 "lm.fit" "system.time" 1#4 "eval" "eval" "withVisible" "source" 
2#64 "c" 2#64 "lm.fit" "system.time" 1#4 "eval" "eval" "withVisible" "source" 
2#64 "c" 2#64 "lm.fit" "system.time" 1#4 "eval" "eval" "withVisible" "source" 
2#64 "c" 2#64 "lm.fit" "system.time" 1#4 "eval" "eval" "withVisible" "source" 
2#64 "c" 2#64 "lm.fit" "system.time" 1#4 "eval" "eval" "withVisible" "source" 
2#64 "c" 2#64 "lm.fit" "system.time" 1#4 "eval" "eval" "withVisible" "source" 
2#64 "c" 2#64 "lm.fit" "system.time" 1#4 "eval" "eval" "withVisible" "source" 
2#30 ".Call" 2#30 "lm.fit" "system.time" 1#4 "eval" "eval" "withVisible" "source" 
2#30 ".Call" 2#30 "lm.fit" "system.time" 1#4 "eval" "eval" "withVisible" "source" 
2#30 ".Call" 2#30 "lm.fit" "system.time" 1#4 "eval" "eval" "withVisible" "source" 
2#30 ".Call" 2#30 "lm.fit" "system.time" 1#4 "eval" "eval" "withVisible" "source" 
2#30 ".Call" 2#30 "lm.fit" "system.time" 1#4 "eval" "eval" "withVisible" "source" 
2#30 ".Call" 2#30 "lm.fit" "system.time" 1#4 "eval" "eval" "withVisible" "source" 
2#30 ".Call" 2#30 "lm.fit" "system.time" 1#4 "eval" "eval" "withVisible" "source" 
2#30 ".Call" 2#30 "lm.fit" "system.time" 1#4 "eval" "eval" "withVisible" "source" 
2#30 ".Call" 2#30 "lm.fit" "system.time" 1#4 "eval" "eval" "withVisible" "source" 
2#30 ".Call" 2#30 "lm.fit" "system.time" 1#4 "eval" "eval" "withVisible" "source" 
2#30 ".Call" 2#30 "lm.fit" "system.time" 1#4 "eval" "eval" "withVisible" "source" 
2#30 ".Call" 2#30 "lm.fit" "system.time" 1#4 "eval" "eval" "withVisible" "source" 
2#30 ".Call" 2#30 "lm.fit" "system.time" 1#4 "eval" "eval" "withVisible" "source" 
2#30 ".Call" 2#30 "lm.fit" "system.time" 1#4 "eval" "eval" "withVisible" "source" 
2#30 ".Call" 2#30 "lm.fit" "system.time" 1#4 "eval" "eval" "withVisible" "source" 
2#30 ".Call" 2#30 "lm.fit" "system.time" 1#4 "eval" "eval" "withVisible" "source" 
2#30 ".Call" 2#30 "lm.fit" "system.time" 1#4 "eval" "eval" "withVisible" "source" 
"<GC>" 2#30 ".Call" 2#30 "lm.fit" "system.time" 1#4 "eval" "eval" "withVisible" "source" 
"<GC>" 2#30 ".Call" 2#30 "lm.fit" "system.time" 1#4 "eval" "eval" "withVisible" "source" 
"<GC>" 2#30 ".Call" 2#30 "lm.fit" "system.time" 1#4 "eval" "eval" "withVisible" "source" 
"<GC>" 2#30 ".Call" 2#30 "lm.fit" "system.time" 1#4 "eval" "eval" "withVisible" "source" 
"<GC>" 2#30 ".Call" 2#30 "lm.fit" "system.time" 1#4 "eval" "eval" "withVisible" "source" 
"<GC>" 2#30 ".Call" 2#30 "lm.fit" "system.time" 1#4 "eval" "eval" "withVisible" "source" 
2#30 ".Call" 2#30 "lm.fit" "system.time" 1#4 "eval" "eval" "withVisible" "source" 
2#30 ".Call" 2#30 "lm.fit" "system.time" 1#4 "eval" "eval" "withVisible" "source" 
2#30 ".Call" 2#30 "lm.fit" "system.time" 1#4 "eval" "eval" "withVisible" "source" 
2#30 ".Call" 2#30 "lm.fit" "system.time" 1#4 "eval" "eval" "withVisible" "source" 
2#30 ".Call" 2#30 "lm.fit" "system.time" 1#4 "eval" "eval" "withVisible" "source" 
2#30 ".Call" 2#30 "lm.fit" "system.time" 1#4 "eval" "eval" "withVisible" "source" 
2#30 ".Call" 2#30 "lm.fit" "system.time" 1#4 "eval" "eval" "withVisible" "source" 
2#30 ".Call" 2#30 "lm.fit" "system.time" 1#4 "eval" "eval" "withVisible" "source" 
2#30 ".Call" 2#30 "lm.fit" "system.time" 1#4 "eval" "eval" "withVisible" "source" 
2#30 ".Call" 2#30 "lm.fit" "system.time" 1#4 "eval" "eval" "withVisible" "source" 
2#30 ".Call" 2#30 "lm.fit" "system.time" 1#4 "eval" "eval" "withVisible" "source" 
2#30 ".Call" 2#30 "lm.fit" "system.time" 1#4 "eval" "eval" "withVisible" "source" 
2#30 ".Call" 2#30 "lm.fit" "system.time" 1#4 "eval" "eval" "withVisible" "source" 
2#30 ".Call" 2#30 "lm.fit" "system.time" 1#4 "eval" "eval" "withVisible" "source" 
2#30 ".Call" 2#30 "lm.fit" "system.time" 1#4 "eval" "eval" "withVisible" "source" 
2#30 ".Call" 2#30 "lm.fit" "system.time" 1#4 "eval" "eval" "withVisible" "source" 
2#30 ".Call" 2#30 "lm.fit" "system.time" 1#4 "eval" "eval" "withVisible" "source" 
2#30 ".Call" 2#30 "lm.fit" "system.time" 1#4 "eval" "eval" "withVisible" "source" 
2#30 ".Call" 2#30 "lm.fit" "system.time" 1#4 "eval" "eval" "withVisible" "source" 
2#30 ".Call" 2#30 "lm.fit" "system.time" 1#4 "eval" "eval" "withVisible" "source" 
2#30 ".Call" 2#30 "lm.fit" "system.time" 1#4 "eval" "eval" "withVisible" "source" 
2#30 ".Call" 2#30 "lm.fit" "system.time" 1#4 "eval" "eval" "withVisible" "source" 
2#30 ".Call" 2#30 "lm.fit" "system.time" 1#4 "eval" "eval" "withVisible" "source" 
2#30 ".Call" 2#30 "lm.fit" "system.time" 1#4 "eval" "eval" "withVisible" "source" 
2#30 ".Call" 2#30 "lm.fit" "system.time" 1#4 "eval" "eval" "withVisible" "source" 
2#30 ".Call" 2#30 "lm.fit" "system.time" 1#4 "eval" "eval" "withVisible" "source" 
2#30 ".Call" 2#30 "lm.fit" "system.time" 1#4 "eval" "eval" "withVisible" "source" 
2#30 ".Call" 2#30 "lm.fit" "system.time" 1#4 "eval" "eval" "withVisible" "source" 
2#30 ".Call" 2#30 "lm.fit" "system.time" 1#4 "eval" "eval" "withVisible" "source" 
2#30 ".Call" 2#30 "lm.fit" "system.time" 1#4 "eval" "eval" "withVisible" "source" 
2#30 ".Call" 2#30 "lm.fit" "system.time" 1#4 "eval" "eval" "withVisible" "source" 
2#30 ".Call" 2#30 "lm.fit" "system.time" 1#4 "eval" "eval" "withVisible" "source" 
2#30 ".Call" 2#30 "lm.fit" "system.time" 1#4 "eval" "eval" "withVisible" "source" 
2#30 ".Call" 2#30 "lm.fit" "system.time" 1#4 "eval" "eval" "withVisible" "source" 
2#30 ".Call" 2#30 "lm.fit" "system.time" 1#4 "eval" "eval" "withVisible" "source" 
2#30 ".Call" 2#30 "lm.fit" "system.time" 1#4 "eval" "eval" "withVisible" "source" 
2#30 ".Call" 2#30 "lm.fit" "system.time" 1#4 "eval" "eval" "withVisible" "source" 
2#30 ".Call" 2#30 "lm.fit" "system.time" 1#4 "eval" "eval" "withVisible" "source" 
2#30 ".Call" 2#30 "lm.fit" "system.time" 1#4 "eval" "eval" "withVisible" "source" 
2#30 ".Call" 2#30 "lm.fit" "system.time" 1#4 "eval" "eval" "withVisible" "source" 
2#30 ".Call" 2#30 "lm.fit" "system.time" 1#4 "eval" "eval" "withVisible" "source" 
2#30 ".Call" 2#30 "lm.fit" "system.time" 1#4 "eval" "eval" "withVisible" "source" 
2#30 ".Call" 2#30 "lm.fit" "system.time" 1#4 "eval" "eval" "withVisible" "source" 
2#30 ".Call" 2#30 "lm.fit" "system.time" 1#4 "eval" "eval" "withVisible" "source" 
2#30 ".Call" 2#30 "lm.fit" "system.time" 1#4 "eval" "eval" "withVisible" "source" 
2#30 ".Call" 2#30 "lm.fit" "system.time" 1#4 "eval" "eval" "withVisible" "source" 
2#30 ".Call" 2#30 "lm.fit" "system.time" 1#4 "eval" "eval" "withVisible" "source" 
2#30 ".Call" 2#30 "lm.fit" "system.time" 1#4 "eval" "eval" "withVisible" "source" 
"rep.int" 2#39 "lm.fit" "system.time" 1#4 "eval" "eval" "withVisible" "source" 
"rep.int" 2#39 "lm.fit" "system.time" 1#4 "eval" "eval" "withVisible" "source" 
"rep.int" 2#39 "lm.fit" "system.time" 1#4 "eval" "eval" "withVisible" "source" 
"rep.int" 2#39 "lm.fit" "system.time" 1#4 "eval" "eval" "withVisible" "source" 
"rep.int" 2#39 "lm.fit" "system.time" 1#4 "eval" "eval" "withVisible" "source" 
"rep.int" 2#39 "lm.fit" "system.time" 1#4 "eval" "eval" "withVisible" "source" 
"rep.int" 2#39 "lm.fit" "system.time" 1#4 "eval" "eval" "withVisible" "source" 
2#39 "c" 2#39 "lm.fit" "system.time" 1#4 "eval" "eval" "withVisible" "source" 
2#39 "c" 2#39 "lm.fit" "system.time" 1#4 "eval" "eval" "withVisible" "source" 
2#39 "c" 2#39 "lm.fit" "system.time" 1#4 "eval" "eval" "withVisible" "source" 
2#39 "c" 2#39 "lm.fit" "system.time" 1#4 "eval" "eval" "withVisible" "source" 
2#39 "c" 2#39 "lm.fit" "system.time" 1#4 "eval" "eval" "withVisible" "source" 
2#39 "c" 2#39 "lm.fit" "system.time" 1#4 "eval" "eval" "withVisible" "source" 
2#39 "c" 2#39 "lm.fit" "system.time" 1#4 "eval" "eval" "withVisible" "source" 
2#40 "lm.fit" "system.time" 1#4 "eval" "eval" "withVisible" "source" 
2#55 "names<-" 2#55 "lm.fit" "system.time" 1#4 "eval" "eval" "withVisible" "source" 
2#55 "names<-" 2#55 "lm.fit" "system.time" 1#4 "eval" "eval" "withVisible" "source" 
2#55 "names<-" 2#55 "lm.fit" "system.time" 1#4 "eval" "eval" "withVisible" "source" 
2#58 "-" 2#58 "lm.fit" "system.time" 1#4 "eval" "eval" "withVisible" "source" 
2#58 "-" 2#58 "lm.fit" "system.time" 1#4 "eval" "eval" "withVisible" "source" 
2#58 "-" 2#58 "lm.fit" "system.time" 1#4 "eval" "eval" "withVisible" "source" 
"structure" 2#64 "lm.fit" "system.time" 1#4 "eval" "eval" "withVisible" "source" 
"structure" 2#64 "lm.fit" "system.time" 1#4 "eval" "eval" "withVisible" "source" 
"structure" 2#64 "lm.fit" "system.time" 1#4 "eval" "eval" "withVisible" "source" 
"structure" 2#64 "lm.fit" "system.time" 1#4 "eval" "eval" "withVisible" "source" 
"structure" 2#64 "lm.fit" "system.time" 1#4 "eval" "eval" "withVisible" "source" 
"structure" 2#64 "lm.fit" "system.time" 1#4 "eval" "eval" "withVisible" "source" 
"structure" 2#64 "lm.fit" "system.time" 1#4 "eval" "eval" "withVisible" "source" 
"structure" 2#64 "lm.fit" "system.time" 1#4 "eval" "eval" "withVisible" "source" 
"structure" 2#64 "lm.fit" "system.time" 1#4 "eval" "eval" "withVisible" "source" 
"structure" 2#64 "lm.fit" "system.time" 1#4 "eval" "eval" "withVisible" "source" 
"structure" 2#64 "lm.fit" "system.time" 1#4 "eval" "eval" "withVisible" "source" 
"structure" 2#64 "lm.fit" "system.time" 1#4 "eval" "eval" "withVisible" "source" 
"structure" 2#64 "lm.fit" "system.time" 1#4 "eval" "eval" "withVisible" "source" 
"<GC>" 2#64 "list" 2#64 "lm.fit" "system.time" 1#4 "eval" "eval" "withVisible" "source" 
"<GC>" 2#64 "list" 2#64 "lm.fit" "system.time" 1#4 "eval" "eval" "withVisible" "source" 
"<GC>" 2#64 "list" 2#64 "lm.fit" "system.time" 1#4 "eval" "eval" "withVisible" "source" 
2#64 "list" 2#64 "lm.fit" "system.time" 1#4 "eval" "eval" "withVisible" "source" 
2#64 "list" 2#64 "lm.fit" "system.time" 1#4 "eval" "eval" "withVisible" "source" 
2#64 "list" 2#64 "lm.fit" "system.time" 1#4 "eval" "eval" "withVisible" "source" 
2#64 "list" 2#64 "lm.fit" "system.time" 1#4 "eval" "eval" "withVisible" "source" 
2#64 "list" 2#64 "lm.fit" "system.time" 1#4 "eval" "eval" "withVisible" "source" 
2#64 "list" 2#64 "lm.fit" "system.time" 1#4 "eval" "eval" "withVisible" "source" 
2#64 "list" 2#64 "lm.fit" "system.time" 1#4 "eval" "eval" "withVisible" "source" 
2#64 "list" 2#64 "lm.fit" "system.time" 1#4 "eval" "eval" "withVisible" "source" 
2#64 "list" 2#64 "lm.fit" "system.time" 1#4 "eval" "eval" "withVisible" "source" 
2#64 "list" 2#64 "lm.fit" "system.time" 1#4 "eval" "eval" "withVisible" "source" 
"<GC>" 2#64 "c" 2#64 "lm.fit" "system.time" 1#4 "eval" "eval" "withVisible" "source" 
"<GC>" 2#64 "c" 2#64 "lm.fit" "system.time" 1#4 "eval" "eval" "withVisible" "source" 
"<GC>" 2#64 "c" 2#64 "lm.fit" "system.time" 1#4 "eval" "eval" "withVisible" "source" 
2#64 "c" 2#64 "lm.fit" "system.time" 1#4 "eval" "eval" "withVisible" "source" 
2#64 "c" 2#64 "lm.fit" "system.time" 1#4 "eval" "eval" "withVisible" "source" 
2#64 "c" 2#64 "lm.fit" "system.time" 1#4 "eval" "eval" "withVisible" "source" 
2#64 "c" 2#64 "lm.fit" "system.time" 1#4 "eval" "eval" "withVisible" "source" 
2#64 "c" 2#64 "lm.fit" "system.time" 1#4 "eval" "eval" "withVisible" "source" 
2#64 "c" 2#64 "lm.fit" "system.time" 1#4 "eval" "eval" "withVisible" "source" 
"<GC>" 2#64 "c" 2#64 "lm.fit" "system.time" 1#4 "eval" "eval" "withVisible" "source" 
"<GC>" 2#64 "c" 2#64 "lm.fit" "system.time" 1#4 "eval" "eval" "withVisible" "source" 
"<GC>" 2#64 "c" 2#64 "lm.fit" "system.time" 1#4 "eval" "eval" "withVisible" "source" 
"<GC>" 2#64 "c" 2#64 "lm.fit" "system.time" 1#4 "eval" "eval" "withVisible" "source" 
2#64 "c" 2#64 "lm.fit" "system.time" 1#4 "eval" "eval" "withVisible" "source" 
2#64 "c" 2#64 "lm.fit" "system.time" 1#4 "eval" "eval" "withVisible" "source" 
2#64 "c" 2#64 "lm.fit" "system.time" 1#4 "eval" "eval" "withVisible" "source" 
"<GC>" 2#64 "c" 2#64 "lm.fit" "system.time" 1#4 "eval" "eval" "withVisible" "source" 
"<GC>" 2#64 "c" 2#64 "lm.fit" "system.time" 1#4 "eval" "eval" "withVisible" "source" 
"<GC>" 2#64 "c" 2#64 "lm.fit" "system.time" 1#4 "eval" "eval" "withVisible" "source" 
"<GC>" 2#64 "c" 2#64 "lm.fit" "system.time" 1#4 "eval" "eval" "withVisible" "source" 
"<GC>" 2#64 "c" 2#64 "lm.fit" "system.time" 1#4 "eval" "eval" "withVisible" "source" 
"<GC>" 2#64 "c" 2#64 "lm.fit" "system.time" 1#4 "eval" "eval" "withVisible" "source" 
"<GC>" 2#64 "c" 2#64 "lm.fit" "system.time" 1#4 "eval" "eval" "withVisible" "source" 
"<GC>" 2#64 "c" 2#64 "lm.fit" "system.time" 1#4 "eval" "eval" "withVisible" "source" 
2#64 "c" 2#64 "lm.fit" "system.time" 1#4 "eval" "eval" "withVisible" "source" 
2#64 "c" 2#64 "lm.fit" "system.time" 1#4 "eval" "eval" "withVisible" "source" 
2#64 "c" 2#64 "lm.fit" "system.time" 1#4 "eval" "eval" "withVisible" "source" 
"<GC>" 2#64 "c" 2#64 "lm.fit" "system.time" 1#4 "eval" "eval" "withVisible" "source" 
"<GC>" 2#64 "c" 2#64 "lm.fit" "system.time" 1#4 "eval" "eval" "withVisible" "source" 
"<GC>" 2#64 "c" 2#64 "lm.fit" "system.time" 1#4 "eval" "eval" "withVisible" "source" 
"<GC>" 2#64 "c" 2#64 "lm.fit" "system.time" 1#4 "eval" "eval" "withVisible" "source" 
"<GC>" 2#64 "c" 2#64 "lm.fit" "system.time" 1#4 "eval" "eval" "withVisible" "source" 
2#64 "c" 2#64 "lm.fit" "system.time" 1#4 "eval" "eval" "withVisible" "source" 
2#64 "c" 2#64 "lm.fit" "system.time" 1#4 "eval" "eval" "withVisible" "source" 
2#64 "c" 2#64 "lm.fit" "system.time" 1#4 "eval" "eval" "withVisible" "source" 
2#64 "c" 2#64 "lm.fit" "system.time" 1#4 "eval" "eval" "withVisible" "source" 
2#64 "c" 2#64 "lm.fit" "system.time" 1#4 "eval" "eval" "withVisible" "source" 
2#64 "c" 2#64 "lm.fit" "system.time" 1#4 "eval" "eval" "withVisible" "source" 
"force" "as.data.frame.integer" "as.data.frame" "data.frame" "inFunction" ".completeToken" 
