GC profiling: line profiling: sample.interval=20000
"<GC>" "gc" "system.time" 
#File 1: dg.R
"<GC>" 1#5 "dg" 1#12 "eval" "eval" "withVisible" "source" "system.time" 
1#5 "dg" 1#12 "eval" "eval" "withVisible" "source" "system.time" 
1#5 "dg" 1#12 "eval" "eval" "withVisible" "source" "system.time" 
1#5 "dg" 1#12 "eval" "eval" "withVisible" "source" "system.time" 
1#5 "dg" 1#12 "eval" "eval" "withVisible" "source" "system.time" 
1#5 "dg" 1#12 "eval" "eval" "withVisible" "source" "system.time" 
1#5 "dg" 1#12 "eval" "eval" "withVisible" "source" "system.time" 
1#5 "dg" 1#12 "eval" "eval" "withVisible" "source" "system.time" 
1#5 "dg" 1#12 "eval" "eval" "withVisible" "source" "system.time" 
1#5 "dg" 1#12 "eval" "eval" "withVisible" "source" "system.time" 
1#5 "dg" 1#12 "eval" "eval" "withVisible" "source" "system.time" 
1#5 "dg" 1#12 "eval" "eval" "withVisible" "source" "system.time" 
1#5 "dg" 1#12 "eval" "eval" "withVisible" "source" "system.time" 
1#5 "dg" 1#12 "eval" "eval" "withVisible" "source" "system.time" 
1#5 "dg" 1#12 "eval" "eval" "withVisible" "source" "system.time" 
1#5 "dg" 1#12 "eval" "eval" "withVisible" "source" "system.time" 
1#5 "dg" 1#12 "eval" "eval" "withVisible" "source" "system.time" 
1#5 "dg" 1#12 "eval" "eval" "withVisible" "source" "system.time" 
1#5 "dg" 1#12 "eval" "eval" "withVisible" "source" "system.time" 
1#5 "dg" 1#12 "eval" "eval" "withVisible" "source" "system.time" 
1#5 "dg" 1#12 "eval" "eval" "withVisible" "source" "system.time" 
1#5 "dg" 1#12 "eval" "eval" "withVisible" "source" "system.time" 
1#5 "dg" 1#12 "eval" "eval" "withVisible" "source" "system.time" 
1#5 "dg" 1#12 "eval" "eval" "withVisible" "source" "system.time" 
1#5 "dg" 1#12 "eval" "eval" "withVisible" "source" "system.time" 
1#5 "dg" 1#12 "eval" "eval" "withVisible" "source" "system.time" 
1#5 "dg" 1#12 "eval" "eval" "withVisible" "source" "system.time" 
1#5 "dg" 1#12 "eval" "eval" "withVisible" "source" "system.time" 
"<GC>" 1#5 "dg" 1#12 "eval" "eval" "withVisible" "source" "system.time" 
1#5 "dg" 1#12 "eval" "eval" "withVisible" "source" "system.time" 
1#5 "dg" 1#12 "eval" "eval" "withVisible" "source" "system.time" 
1#5 "dg" 1#12 "eval" "eval" "withVisible" "source" "system.time" 
1#5 "dg" 1#12 "eval" "eval" "withVisible" "source" "system.time" 
1#5 "dg" 1#12 "eval" "eval" "withVisible" "source" "system.time" 
1#5 "dg" 1#12 "eval" "eval" "withVisible" "source" "system.time" 
1#5 "dg" 1#12 "eval" "eval" "withVisible" "source" "system.time" 
1#5 "dg" 1#12 "eval" "eval" "withVisible" "source" "system.time" 
"dgamma" 1#6 "dg" 1#12 "eval" "eval" "withVisible" "source" "system.time" 
1#5 "dg" 1#12 "eval" "eval" "withVisible" "source" "system.time" 
1#5 "dg" 1#12 "eval" "eval" "withVisible" "source" "system.time" 
1#5 "dg" 1#12 "eval" "eval" "withVisible" "source" "system.time" 
1#5 "dg" 1#12 "eval" "eval" "withVisible" "source" "system.time" 
1#5 "dg" 1#12 "eval" "eval" "withVisible" "source" "system.time" 
1#5 "dg" 1#12 "eval" "eval" "withVisible" "source" "system.time" 
1#5 "dg" 1#12 "eval" "eval" "withVisible" "source" "system.time" 
1#5 "dg" 1#12 "eval" "eval" "withVisible" "source" "system.time" 
1#5 "dg" 1#12 "eval" "eval" "withVisible" "source" "system.time" 
1#5 "dg" 1#12 "eval" "eval" "withVisible" "source" "system.time" 
1#5 "dg" 1#12 "eval" "eval" "withVisible" "source" "system.time" 
1#5 "dg" 1#12 "eval" "eval" "withVisible" "source" "system.time" 
1#5 "dg" 1#12 "eval" "eval" "withVisible" "source" "system.time" 
1#5 "dg" 1#12 "eval" "eval" "withVisible" "source" "system.time" 
1#5 "dg" 1#12 "eval" "eval" "withVisible" "source" "system.time" 
1#5 "dg" 1#12 "eval" "eval" "withVisible" "source" "system.time" 
1#5 "dg" 1#12 "eval" "eval" "withVisible" "source" "system.time" 
1#5 "dg" 1#12 "eval" "eval" "withVisible" "source" "system.time" 
"<GC>" 1#5 "dg" 1#12 "eval" "eval" "withVisible" "source" "system.time" 
1#5 "dg" 1#12 "eval" "eval" "withVisible" "source" "system.time" 
1#5 "dg" 1#12 "eval" "eval" "withVisible" "source" "system.time" 
1#5 "dg" 1#12 "eval" "eval" "withVisible" "source" "system.time" 
1#5 "dg" 1#12 "eval" "eval" "withVisible" "source" "system.time" 
1#5 "dg" 1#12 "eval" "eval" "withVisible" "source" "system.time" 
1#5 "dg" 1#12 "eval" "eval" "withVisible" "source" "system.time" 
1#5 "dg" 1#12 "eval" "eval" "withVisible" "source" "system.time" 
1#5 "dg" 1#12 "eval" "eval" "withVisible" "source" "system.time" 
1#5 "dg" 1#12 "eval" "eval" "withVisible" "source" "system.time" 
1#5 "dg" 1#12 "eval" "eval" "withVisible" "source" "system.time" 
1#5 "dg" 1#12 "eval" "eval" "withVisible" "source" "system.time" 
1#5 "dg" 1#12 "eval" "eval" "withVisible" "source" "system.time" 
1#5 "dg" 1#12 "eval" "eval" "withVisible" "source" "system.time" 
1#5 "dg" 1#12 "eval" "eval" "withVisible" "source" "system.time" 
1#5 "dg" 1#12 "eval" "eval" "withVisible" "source" "system.time" 
1#5 "dg" 1#12 "eval" "eval" "withVisible" "source" "system.time" 
1#5 "dg" 1#12 "eval" "eval" "withVisible" "source" "system.time" 
1#5 "dg" 1#12 "eval" "eval" "withVisible" "source" "system.time" 
1#5 "dg" 1#12 "eval" "eval" "withVisible" "source" "system.time" 
"<GC>" 1#5 "dg" 1#12 "eval" "eval" "withVisible" "source" "system.time" 
1#5 "dg" 1#12 "eval" "eval" "withVisible" "source" "system.time" 
1#5 "dg" 1#12 "eval" "eval" "withVisible" "source" "system.time" 
1#5 "dg" 1#12 "eval" "eval" "withVisible" "source" "system.time" 
1#5 "dg" 1#12 "eval" "eval" "withVisible" "source" "system.time" 
1#5 "dg" 1#12 "eval" "eval" "withVisible" "source" "system.time" 
1#5 "dg" 1#12 "eval" "eval" "withVisible" "source" "system.time" 
1#5 "dg" 1#12 "eval" "eval" "withVisible" "source" "system.time" 
1#5 "dg" 1#12 "eval" "eval" "withVisible" "source" "system.time" 
1#5 "dg" 1#12 "eval" "eval" "withVisible" "source" "system.time" 
1#5 "dg" 1#12 "eval" "eval" "withVisible" "source" "system.time" 
1#5 "dg" 1#12 "eval" "eval" "withVisible" "source" "system.time" 
1#5 "dg" 1#12 "eval" "eval" "withVisible" "source" "system.time" 
1#5 "dg" 1#12 "eval" "eval" "withVisible" "source" "system.time" 
1#5 "dg" 1#12 "eval" "eval" "withVisible" "source" "system.time" 
1#5 "dg" 1#12 "eval" "eval" "withVisible" "source" "system.time" 
1#5 "dg" 1#12 "eval" "eval" "withVisible" "source" "system.time" 
1#5 "dg" 1#12 "eval" "eval" "withVisible" "source" "system.time" 
1#5 "dg" 1#12 "eval" "eval" "withVisible" "source" "system.time" 
1#5 "dg" 1#12 "eval" "eval" "withVisible" "source" "system.time" 
1#5 "dg" 1#12 "eval" "eval" "withVisible" "source" "system.time" 
1#5 "dg" 1#12 "eval" "eval" "withVisible" "source" "system.time" 
1#5 "dg" 1#12 "eval" "eval" "withVisible" "source" "system.time" 
1#5 "dg" 1#12 "eval" "eval" "withVisible" "source" "system.time" 
1#5 "dg" 1#12 "eval" "eval" "withVisible" "source" "system.time" 
1#5 "dg" 1#12 "eval" "eval" "withVisible" "source" "system.time" 
1#5 "dg" 1#12 "eval" "eval" "withVisible" "source" "system.time" 
1#5 "dg" 1#12 "eval" "eval" "withVisible" "source" "system.time" 
1#5 "dg" 1#12 "eval" "eval" "withVisible" "source" "system.time" 
1#5 "dg" 1#12 "eval" "eval" "withVisible" "source" "system.time" 
"<GC>" 1#5 "dg" 1#12 "eval" "eval" "withVisible" "source" "system.time" 
1#5 "dg" 1#12 "eval" "eval" "withVisible" "source" "system.time" 
1#5 "dg" 1#12 "eval" "eval" "withVisible" "source" "system.time" 
1#5 "dg" 1#12 "eval" "eval" "withVisible" "source" "system.time" 
1#5 "dg" 1#12 "eval" "eval" "withVisible" "source" "system.time" 
1#5 "dg" 1#12 "eval" "eval" "withVisible" "source" "system.time" 
1#5 "dg" 1#12 "eval" "eval" "withVisible" "source" "system.time" 
1#5 "dg" 1#12 "eval" "eval" "withVisible" "source" "system.time" 
1#5 "dg" 1#12 "eval" "eval" "withVisible" "source" "system.time" 
1#5 "dg" 1#12 "eval" "eval" "withVisible" "source" "system.time" 
1#5 "dg" 1#12 "eval" "eval" "withVisible" "source" "system.time" 
1#5 "dg" 1#12 "eval" "eval" "withVisible" "source" "system.time" 
1#5 "dg" 1#12 "eval" "eval" "withVisible" "source" "system.time" 
1#5 "dg" 1#12 "eval" "eval" "withVisible" "source" "system.time" 
1#5 "dg" 1#12 "eval" "eval" "withVisible" "source" "system.time" 
1#5 "dg" 1#12 "eval" "eval" "withVisible" "source" "system.time" 
1#5 "dg" 1#12 "eval" "eval" "withVisible" "source" "system.time" 
1#5 "dg" 1#12 "eval" "eval" "withVisible" "source" "system.time" 
1#5 "dg" 1#12 "eval" "eval" "withVisible" "source" "system.time" 
1#5 "dg" 1#12 "eval" "eval" "withVisible" "source" "system.time" 
"<GC>" 1#5 "dg" 1#12 "eval" "eval" "withVisible" "source" "system.time" 
1#5 "dg" 1#12 "eval" "eval" "withVisible" "source" "system.time" 
1#5 "dg" 1#12 "eval" "eval" "withVisible" "source" "system.time" 
1#5 "dg" 1#12 "eval" "eval" "withVisible" "source" "system.time" 
1#5 "dg" 1#12 "eval" "eval" "withVisible" "source" "system.time" 
1#5 "dg" 1#12 "eval" "eval" "withVisible" "source" "system.time" 
1#5 "dg" 1#12 "eval" "eval" "withVisible" "source" "system.time" 
1#5 "dg" 1#12 "eval" "eval" "withVisible" "source" "system.time" 
1#5 "dg" 1#12 "eval" "eval" "withVisible" "source" "system.time" 
1#5 "dg" 1#12 "eval" "eval" "withVisible" "source" "system.time" 
1#5 "dg" 1#12 "eval" "eval" "withVisible" "source" "system.time" 
1#5 "dg" 1#12 "eval" "eval" "withVisible" "source" "system.time" 
1#5 "dg" 1#12 "eval" "eval" "withVisible" "source" "system.time" 
1#5 "dg" 1#12 "eval" "eval" "withVisible" "source" "system.time" 
1#5 "dg" 1#12 "eval" "eval" "withVisible" "source" "system.time" 
1#5 "dg" 1#12 "eval" "eval" "withVisible" "source" "system.time" 
1#5 "dg" 1#12 "eval" "eval" "withVisible" "source" "system.time" 
1#5 "dg" 1#12 "eval" "eval" "withVisible" "source" "system.time" 
1#5 "dg" 1#12 "eval" "eval" "withVisible" "source" "system.time" 
1#5 "dg" 1#12 "eval" "eval" "withVisible" "source" "system.time" 
1#5 "dg" 1#12 "eval" "eval" "withVisible" "source" "system.time" 
1#5 "dg" 1#12 "eval" "eval" "withVisible" "source" "system.time" 
1#5 "dg" 1#12 "eval" "eval" "withVisible" "source" "system.time" 
1#5 "dg" 1#12 "eval" "eval" "withVisible" "source" "system.time" 
1#5 "dg" 1#12 "eval" "eval" "withVisible" "source" "system.time" 
1#5 "dg" 1#12 "eval" "eval" "withVisible" "source" "system.time" 
1#5 "dg" 1#12 "eval" "eval" "withVisible" "source" "system.time" 
1#5 "dg" 1#12 "eval" "eval" "withVisible" "source" "system.time" 
1#5 "dg" 1#12 "eval" "eval" "withVisible" "source" "system.time" 
1#5 "dg" 1#12 "eval" "eval" "withVisible" "source" "system.time" 
1#5 "dg" 1#12 "eval" "eval" "withVisible" "source" "system.time" 
1#5 "dg" 1#12 "eval" "eval" "withVisible" "source" "system.time" 
1#5 "dg" 1#12 "eval" "eval" "withVisible" "source" "system.time" 
1#5 "dg" 1#12 "eval" "eval" "withVisible" "source" "system.time" 
1#5 "dg" 1#12 "eval" "eval" "withVisible" "source" "system.time" 
1#5 "dg" 1#12 "eval" "eval" "withVisible" "source" "system.time" 
1#5 "dg" 1#12 "eval" "eval" "withVisible" "source" "system.time" 
1#5 "dg" 1#12 "eval" "eval" "withVisible" "source" "system.time" 
1#5 "dg" 1#12 "eval" "eval" "withVisible" "source" "system.time" 
1#5 "dg" 1#12 "eval" "eval" "withVisible" "source" "system.time" 
1#5 "dg" 1#12 "eval" "eval" "withVisible" "source" "system.time" 
1#5 "dg" 1#12 "eval" "eval" "withVisible" "source" "system.time" 
1#5 "dg" 1#12 "eval" "eval" "withVisible" "source" "system.time" 
1#5 "dg" 1#12 "eval" "eval" "withVisible" "source" "system.time" 
1#5 "dg" 1#12 "eval" "eval" "withVisible" "source" "system.time" 
1#5 "dg" 1#12 "eval" "eval" "withVisible" "source" "system.time" 
1#5 "dg" 1#12 "eval" "eval" "withVisible" "source" "system.time" 
1#5 "dg" 1#12 "eval" "eval" "withVisible" "source" "system.time" 
"<GC>" 1#5 "dg" 1#12 "eval" "eval" "withVisible" "source" "system.time" 
1#5 "dg" 1#12 "eval" "eval" "withVisible" "source" "system.time" 
1#5 "dg" 1#12 "eval" "eval" "withVisible" "source" "system.time" 
1#5 "dg" 1#12 "eval" "eval" "withVisible" "source" "system.time" 
1#5 "dg" 1#12 "eval" "eval" "withVisible" "source" "system.time" 
1#5 "dg" 1#12 "eval" "eval" "withVisible" "source" "system.time" 
1#5 "dg" 1#12 "eval" "eval" "withVisible" "source" "system.time" 
1#5 "dg" 1#12 "eval" "eval" "withVisible" "source" "system.time" 
1#5 "dg" 1#12 "eval" "eval" "withVisible" "source" "system.time" 
1#5 "dg" 1#12 "eval" "eval" "withVisible" "source" "system.time" 
1#5 "dg" 1#12 "eval" "eval" "withVisible" "source" "system.time" 
1#5 "dg" 1#12 "eval" "eval" "withVisible" "source" "system.time" 
1#5 "dg" 1#12 "eval" "eval" "withVisible" "source" "system.time" 
1#5 "dg" 1#12 "eval" "eval" "withVisible" "source" "system.time" 
1#5 "dg" 1#12 "eval" "eval" "withVisible" "source" "system.time" 
1#5 "dg" 1#12 "eval" "eval" "withVisible" "source" "system.time" 
1#5 "dg" 1#12 "eval" "eval" "withVisible" "source" "system.time" 
1#5 "dg" 1#12 "eval" "eval" "withVisible" "source" "system.time" 
1#5 "dg" 1#12 "eval" "eval" "withVisible" "source" "system.time" 
